{"numTotalTestSuites":186,"numPassedTestSuites":174,"numFailedTestSuites":12,"numPendingTestSuites":0,"numTotalTests":357,"numPassedTests":346,"numFailedTests":11,"numPendingTests":0,"numTodoTests":0,"snapshot":{"added":0,"failure":false,"filesAdded":0,"filesRemoved":0,"filesRemovedList":[],"filesUnmatched":0,"filesUpdated":0,"matched":0,"total":0,"unchecked":0,"uncheckedKeysByFile":[],"unmatched":0,"updated":0,"didUpdate":false},"startTime":1776286618035,"success":false,"testResults":[{"assertionResults":[{"ancestorTitles":["useIsMobile"],"fullName":"useIsMobile returns false for desktop viewport","status":"passed","title":"returns false for desktop viewport","duration":35.2807499999999,"failureMessages":[],"meta":{}},{"ancestorTitles":["useIsMobile"],"fullName":"useIsMobile returns true for mobile viewport","status":"passed","title":"returns true for mobile viewport","duration":2.191624999999931,"failureMessages":[],"meta":{}},{"ancestorTitles":["useIsMobile"],"fullName":"useIsMobile updates when viewport changes","status":"passed","title":"updates when viewport changes","duration":13.6228329999999,"failureMessages":[],"meta":{}}],"startTime":1776286634298,"endTime":1776286634349.6228,"status":"passed","message":"","name":"/Users/jcmordan/code/leave-request/frontend/src/hooks/use-mobile.test.ts"},{"assertionResults":[{"ancestorTitles":["useDebouncedAsyncValidation"],"fullName":"useDebouncedAsyncValidation returns a function","status":"passed","title":"returns a function","duration":39.06233300000008,"failureMessages":[],"meta":{}},{"ancestorTitles":["useDebouncedAsyncValidation"],"fullName":"useDebouncedAsyncValidation resolves with validation result when impl returns true","status":"passed","title":"resolves with validation result when impl returns true","duration":4.608374999999796,"failureMessages":[],"meta":{}},{"ancestorTitles":["useDebouncedAsyncValidation"],"fullName":"useDebouncedAsyncValidation resolves with error message when impl returns a string","status":"passed","title":"resolves with error message when impl returns a string","duration":1.859749999999849,"failureMessages":[],"meta":{}},{"ancestorTitles":["useDebouncedAsyncValidation"],"fullName":"useDebouncedAsyncValidation cancels previous pending validation by resolving it as true","status":"passed","title":"cancels previous pending validation by resolving it as true","duration":2.888290999999981,"failureMessages":[],"meta":{}},{"ancestorTitles":["useDebouncedAsyncValidation"],"fullName":"useDebouncedAsyncValidation passes arguments to the implementation","status":"passed","title":"passes arguments to the implementation","duration":6.352292000000034,"failureMessages":[],"meta":{}}],"startTime":1776286631669,"endTime":1776286631724.3523,"status":"passed","message":"","name":"/Users/jcmordan/code/leave-request/frontend/src/hooks/useDebouncedAsyncValidation.test.ts"},{"assertionResults":[{"ancestorTitles":["usePaginatedQuery"],"fullName":"usePaginatedQuery returns data from useQuery","status":"passed","title":"returns data from useQuery","duration":68.39875000000006,"failureMessages":[],"meta":{}},{"ancestorTitles":["usePaginatedQuery"],"fullName":"usePaginatedQuery returns pageInfo extracted via getPageInfo","status":"passed","title":"returns pageInfo extracted via getPageInfo","duration":4.131958999999824,"failureMessages":[],"meta":{}},{"ancestorTitles":["usePaginatedQuery"],"fullName":"usePaginatedQuery uses default pageSize of 10","status":"passed","title":"uses default pageSize of 10","duration":5.98720800000001,"failureMessages":[],"meta":{}},{"ancestorTitles":["usePaginatedQuery"],"fullName":"usePaginatedQuery uses custom pageSize","status":"passed","title":"uses custom pageSize","duration":1.8433329999998023,"failureMessages":[],"meta":{}},{"ancestorTitles":["usePaginatedQuery"],"fullName":"usePaginatedQuery merges base variables with pagination variables","status":"passed","title":"merges base variables with pagination variables","duration":1.6662089999999807,"failureMessages":[],"meta":{}},{"ancestorTitles":["usePaginatedQuery"],"fullName":"usePaginatedQuery nextPage sets after cursor and clears before","status":"passed","title":"nextPage sets after cursor and clears before","duration":8.05641700000001,"failureMessages":[],"meta":{}},{"ancestorTitles":["usePaginatedQuery"],"fullName":"usePaginatedQuery previousPage sets before cursor and clears after","status":"passed","title":"previousPage sets before cursor and clears after","duration":5.351415999999972,"failureMessages":[],"meta":{}},{"ancestorTitles":["usePaginatedQuery"],"fullName":"usePaginatedQuery nextPage does nothing when endCursor is null","status":"passed","title":"nextPage does nothing when endCursor is null","duration":2.110584000000017,"failureMessages":[],"meta":{}},{"ancestorTitles":["usePaginatedQuery"],"fullName":"usePaginatedQuery previousPage does nothing when startCursor is null","status":"passed","title":"previousPage does nothing when startCursor is null","duration":2.8465000000001055,"failureMessages":[],"meta":{}},{"ancestorTitles":["usePaginatedQuery"],"fullName":"usePaginatedQuery hydrates cache with initialData on first page","status":"passed","title":"hydrates cache with initialData on first page","duration":2.1274590000000444,"failureMessages":[],"meta":{}},{"ancestorTitles":["usePaginatedQuery"],"fullName":"usePaginatedQuery does not hydrate cache when data already exists","status":"passed","title":"does not hydrate cache when data already exists","duration":1.778583000000026,"failureMessages":[],"meta":{}},{"ancestorTitles":["usePaginatedQuery"],"fullName":"usePaginatedQuery returns undefined data when query returns no data","status":"passed","title":"returns undefined data when query returns no data","duration":2.6353330000001733,"failureMessages":[],"meta":{}},{"ancestorTitles":["usePaginatedQuery"],"fullName":"usePaginatedQuery exposes refetch from useQuery","status":"passed","title":"exposes refetch from useQuery","duration":1.8595000000000255,"failureMessages":[],"meta":{}},{"ancestorTitles":["usePaginatedQuery"],"fullName":"usePaginatedQuery uses cache-and-network as default fetchPolicy","status":"passed","title":"uses cache-and-network as default fetchPolicy","duration":1.6929589999999735,"failureMessages":[],"meta":{}},{"ancestorTitles":["usePaginatedQuery"],"fullName":"usePaginatedQuery uses custom fetchPolicy when provided","status":"passed","title":"uses custom fetchPolicy when provided","duration":3.1378330000000005,"failureMessages":[],"meta":{}}],"startTime":1776286632579,"endTime":1776286632693.138,"status":"passed","message":"","name":"/Users/jcmordan/code/leave-request/frontend/src/hooks/usePaginatedQuery.test.ts"},{"assertionResults":[{"ancestorTitles":["usePermissions","hasPermission"],"fullName":"usePermissions hasPermission returns true for exact match (case-insensitive)","status":"passed","title":"returns true for exact match (case-insensitive)","duration":67.8777500000001,"failureMessages":[],"meta":{}},{"ancestorTitles":["usePermissions","hasPermission"],"fullName":"usePermissions hasPermission returns false for non-existent permission","status":"passed","title":"returns false for non-existent permission","duration":1.8103330000001279,"failureMessages":[],"meta":{}},{"ancestorTitles":["usePermissions","hasPermission"],"fullName":"usePermissions hasPermission returns false for empty string","status":"passed","title":"returns false for empty string","duration":11.559416000000056,"failureMessages":[],"meta":{}},{"ancestorTitles":["usePermissions","hasPermission"],"fullName":"usePermissions hasPermission returns false when permissions array is empty","status":"passed","title":"returns false when permissions array is empty","duration":1.4154160000000502,"failureMessages":[],"meta":{}},{"ancestorTitles":["usePermissions","hasModulePermission"],"fullName":"usePermissions hasModulePermission returns true when module matches prefix pattern","status":"passed","title":"returns true when module matches prefix pattern","duration":2.598167000000103,"failureMessages":[],"meta":{}},{"ancestorTitles":["usePermissions","hasModulePermission"],"fullName":"usePermissions hasModulePermission returns true when module matches exact micro-erp pattern","status":"passed","title":"returns true when module matches exact micro-erp pattern","duration":1.6157080000000406,"failureMessages":[],"meta":{}},{"ancestorTitles":["usePermissions","hasModulePermission"],"fullName":"usePermissions hasModulePermission returns true when module matches as segment (case-insensitive)","status":"passed","title":"returns true when module matches as segment (case-insensitive)","duration":1.11850000000004,"failureMessages":[],"meta":{}},{"ancestorTitles":["usePermissions","hasModulePermission"],"fullName":"usePermissions hasModulePermission returns false for non-existent module","status":"passed","title":"returns false for non-existent module","duration":1.0481670000001486,"failureMessages":[],"meta":{}},{"ancestorTitles":["usePermissions","hasModulePermission"],"fullName":"usePermissions hasModulePermission returns false for empty string","status":"passed","title":"returns false for empty string","duration":1.170667000000094,"failureMessages":[],"meta":{}},{"ancestorTitles":["usePermissions","hasModulePermission"],"fullName":"usePermissions hasModulePermission returns false when permissions array is empty","status":"passed","title":"returns false when permissions array is empty","duration":11.115832999999839,"failureMessages":[],"meta":{}},{"ancestorTitles":["usePermissions","hasModule"],"fullName":"usePermissions hasModule returns true when module exists in modules list and has permission","status":"passed","title":"returns true when module exists in modules list and has permission","duration":1.6079999999999472,"failureMessages":[],"meta":{}},{"ancestorTitles":["usePermissions","hasModule"],"fullName":"usePermissions hasModule returns false when module exists in list but no permission","status":"passed","title":"returns false when module exists in list but no permission","duration":4.118416000000025,"failureMessages":[],"meta":{}},{"ancestorTitles":["usePermissions","hasModule"],"fullName":"usePermissions hasModule returns false when module has permission but not in modules list","status":"passed","title":"returns false when module has permission but not in modules list","duration":1.4169170000000122,"failureMessages":[],"meta":{}},{"ancestorTitles":["usePermissions","hasModule"],"fullName":"usePermissions hasModule returns false for empty string","status":"passed","title":"returns false for empty string","duration":1.0674579999999878,"failureMessages":[],"meta":{}},{"ancestorTitles":["usePermissions","returned state"],"fullName":"usePermissions returned state returns permissions, modules, loading and error from context","status":"passed","title":"returns permissions, modules, loading and error from context","duration":12.336000000000013,"failureMessages":[],"meta":{}}],"startTime":1776286631905,"endTime":1776286632027.336,"status":"passed","message":"","name":"/Users/jcmordan/code/leave-request/frontend/src/hooks/usePermissions.test.ts"},{"assertionResults":[{"ancestorTitles":["usePreloadedQuery"],"fullName":"usePreloadedQuery is an alias for useSuspenseQuery","status":"passed","title":"is an alias for useSuspenseQuery","duration":1.5708749999998872,"failureMessages":[],"meta":{}}],"startTime":1776286635705,"endTime":1776286635706.5708,"status":"passed","message":"","name":"/Users/jcmordan/code/leave-request/frontend/src/hooks/usePreloadedQuery.test.ts"},{"assertionResults":[{"ancestorTitles":["useServerSideSearch"],"fullName":"useServerSideSearch initializes with empty options and loading false","status":"passed","title":"initializes with empty options and loading false","duration":41.44679199999996,"failureMessages":[],"meta":{}},{"ancestorTitles":["useServerSideSearch"],"fullName":"useServerSideSearch does not trigger search if searchTerm length is less than minSearchLength","status":"passed","title":"does not trigger search if searchTerm length is less than minSearchLength","duration":4.531040999999959,"failureMessages":[],"meta":{}},{"ancestorTitles":["useServerSideSearch"],"fullName":"useServerSideSearch triggers search if searchTerm length is >= minSearchLength","status":"passed","title":"triggers search if searchTerm length is >= minSearchLength","duration":5.224541000000045,"failureMessages":[],"meta":{}},{"ancestorTitles":["useServerSideSearch"],"fullName":"useServerSideSearch clears options if search term is cleared (shorter than minLength)","status":"passed","title":"clears options if search term is cleared (shorter than minLength)","duration":6.21591699999999,"failureMessages":[],"meta":{}},{"ancestorTitles":["useServerSideSearch"],"fullName":"useServerSideSearch handles search errors by clearing options","status":"passed","title":"handles search errors by clearing options","duration":2.873916999999892,"failureMessages":[],"meta":{}},{"ancestorTitles":["useServerSideSearch"],"fullName":"useServerSideSearch triggers initial search if autoTrigger is true","status":"passed","title":"triggers initial search if autoTrigger is true","duration":16.68679199999997,"failureMessages":[],"meta":{}},{"ancestorTitles":["useServerSideSearch"],"fullName":"useServerSideSearch clears options manually when clearOptions is called","status":"passed","title":"clears options manually when clearOptions is called","duration":1.7953750000001492,"failureMessages":[],"meta":{}}],"startTime":1776286631803,"endTime":1776286631882.7954,"status":"passed","message":"","name":"/Users/jcmordan/code/leave-request/frontend/src/hooks/useServerSideSearch.test.ts"},{"assertionResults":[{"ancestorTitles":["useSessionKeepAlive"],"fullName":"useSessionKeepAlive sets up and cleans up visibilitychange listener","status":"passed","title":"sets up and cleans up visibilitychange listener","duration":35.655459000000064,"failureMessages":[],"meta":{}},{"ancestorTitles":["useSessionKeepAlive"],"fullName":"useSessionKeepAlive does nothing when session has no token","status":"passed","title":"does nothing when session has no token","duration":2.793416999999863,"failureMessages":[],"meta":{}},{"ancestorTitles":["useSessionKeepAlive"],"fullName":"useSessionKeepAlive does nothing when session has no expires","status":"passed","title":"does nothing when session has no expires","duration":1.8529170000001614,"failureMessages":[],"meta":{}},{"ancestorTitles":["useSessionKeepAlive"],"fullName":"useSessionKeepAlive calls update on mount via route change effect (initial refresh)","status":"passed","title":"calls update on mount via route change effect (initial refresh)","duration":1.9373329999998532,"failureMessages":[],"meta":{}},{"ancestorTitles":["useSessionKeepAlive"],"fullName":"useSessionKeepAlive schedules timeout-based refresh for token not near expiry","status":"passed","title":"schedules timeout-based refresh for token not near expiry","duration":1.7421669999998812,"failureMessages":[],"meta":{}},{"ancestorTitles":["useSessionKeepAlive"],"fullName":"useSessionKeepAlive calls update when scheduled timeout fires","status":"passed","title":"calls update when scheduled timeout fires","duration":2.5068750000000364,"failureMessages":[],"meta":{}},{"ancestorTitles":["useSessionKeepAlive"],"fullName":"useSessionKeepAlive sets up periodic interval after initial timeout refresh","status":"passed","title":"sets up periodic interval after initial timeout refresh","duration":20.885417000000416,"failureMessages":[],"meta":{}},{"ancestorTitles":["useSessionKeepAlive"],"fullName":"useSessionKeepAlive refreshes immediately when token is near expiry","status":"passed","title":"refreshes immediately when token is near expiry","duration":4.868249999999989,"failureMessages":[],"meta":{}},{"ancestorTitles":["useSessionKeepAlive"],"fullName":"useSessionKeepAlive sets up interval after immediate refresh for near-expiry token","status":"passed","title":"sets up interval after immediate refresh for near-expiry token","duration":14.483458999999584,"failureMessages":[],"meta":{}},{"ancestorTitles":["useSessionKeepAlive"],"fullName":"useSessionKeepAlive does not call update when tab is hidden","status":"passed","title":"does not call update when tab is hidden","duration":4.3266670000002705,"failureMessages":[],"meta":{}},{"ancestorTitles":["useSessionKeepAlive"],"fullName":"useSessionKeepAlive enforces MIN_REFRESH_INTERVAL between refreshes","status":"passed","title":"enforces MIN_REFRESH_INTERVAL between refreshes","duration":13.130040999999892,"failureMessages":[],"meta":{}},{"ancestorTitles":["useSessionKeepAlive"],"fullName":"useSessionKeepAlive clears timeout when visibility changes to hidden","status":"passed","title":"clears timeout when visibility changes to hidden","duration":5.9730829999998605,"failureMessages":[],"meta":{}},{"ancestorTitles":["useSessionKeepAlive"],"fullName":"useSessionKeepAlive clears interval when visibility changes to hidden","status":"passed","title":"clears interval when visibility changes to hidden","duration":5.783124999999927,"failureMessages":[],"meta":{}},{"ancestorTitles":["useSessionKeepAlive"],"fullName":"useSessionKeepAlive restarts refresh interval when tab becomes visible again","status":"passed","title":"restarts refresh interval when tab becomes visible again","duration":1.8356250000001637,"failureMessages":[],"meta":{}},{"ancestorTitles":["useSessionKeepAlive"],"fullName":"useSessionKeepAlive handles update() error gracefully during scheduled refresh","status":"passed","title":"handles update() error gracefully during scheduled refresh","duration":2.5529160000000957,"failureMessages":[],"meta":{}},{"ancestorTitles":["useSessionKeepAlive"],"fullName":"useSessionKeepAlive handles setupRefreshInterval error on visibility change","status":"passed","title":"handles setupRefreshInterval error on visibility change","duration":1.8801669999998012,"failureMessages":[],"meta":{}},{"ancestorTitles":["useSessionKeepAlive"],"fullName":"useSessionKeepAlive clears existing timeout inside setupRefreshInterval when re-invoked","status":"passed","title":"clears existing timeout inside setupRefreshInterval when re-invoked","duration":1.61587499999996,"failureMessages":[],"meta":{}},{"ancestorTitles":["useSessionKeepAlive"],"fullName":"useSessionKeepAlive clears existing interval inside setupRefreshInterval when re-invoked","status":"passed","title":"clears existing interval inside setupRefreshInterval when re-invoked","duration":2.4641249999999673,"failureMessages":[],"meta":{}},{"ancestorTitles":["useSessionKeepAlive","route change effect"],"fullName":"useSessionKeepAlive route change effect calls update on route change when enough time has passed","status":"passed","title":"calls update on route change when enough time has passed","duration":4.537082999999711,"failureMessages":[],"meta":{}},{"ancestorTitles":["useSessionKeepAlive","route change effect"],"fullName":"useSessionKeepAlive route change effect calls update with new pathname rerender","status":"passed","title":"calls update with new pathname rerender","duration":7.092375000000175,"failureMessages":[],"meta":{}},{"ancestorTitles":["useSessionKeepAlive","route change effect"],"fullName":"useSessionKeepAlive route change effect skips route change refresh when tab is hidden","status":"passed","title":"skips route change refresh when tab is hidden","duration":1.8653750000003129,"failureMessages":[],"meta":{}},{"ancestorTitles":["useSessionKeepAlive","route change effect"],"fullName":"useSessionKeepAlive route change effect skips route change refresh when within MIN_REFRESH_INTERVAL","status":"passed","title":"skips route change refresh when within MIN_REFRESH_INTERVAL","duration":2.60799999999972,"failureMessages":[],"meta":{}},{"ancestorTitles":["useSessionKeepAlive","route change effect"],"fullName":"useSessionKeepAlive route change effect handles update() error on route change gracefully","status":"passed","title":"handles update() error on route change gracefully","duration":1.5775830000002316,"failureMessages":[],"meta":{}},{"ancestorTitles":["useSessionKeepAlive","route change effect"],"fullName":"useSessionKeepAlive route change effect does not call update on route change when session is null","status":"passed","title":"does not call update on route change when session is null","duration":1.3601659999999356,"failureMessages":[],"meta":{}}],"startTime":1776286622564,"endTime":1776286622709.36,"status":"passed","message":"","name":"/Users/jcmordan/code/leave-request/frontend/src/hooks/useSessionKeepAlive.test.ts"},{"assertionResults":[{"ancestorTitles":["useUrlPagination"],"fullName":"useUrlPagination returns pagination state","status":"passed","title":"returns pagination state","duration":44.33516600000007,"failureMessages":[],"meta":{}},{"ancestorTitles":["useUrlPagination"],"fullName":"useUrlPagination handleNextPage pushes with after cursor","status":"passed","title":"handleNextPage pushes with after cursor","duration":4.84699999999998,"failureMessages":[],"meta":{}},{"ancestorTitles":["useUrlPagination"],"fullName":"useUrlPagination handleNextPage does nothing when no next page","status":"passed","title":"handleNextPage does nothing when no next page","duration":22.24545799999987,"failureMessages":[],"meta":{}},{"ancestorTitles":["useUrlPagination"],"fullName":"useUrlPagination handlePreviousPage pushes with before cursor","status":"passed","title":"handlePreviousPage pushes with before cursor","duration":1.8654579999999896,"failureMessages":[],"meta":{}},{"ancestorTitles":["useUrlPagination"],"fullName":"useUrlPagination handlePreviousPage does nothing when no previous page","status":"passed","title":"handlePreviousPage does nothing when no previous page","duration":1.4147079999997914,"failureMessages":[],"meta":{}},{"ancestorTitles":["useUrlPagination"],"fullName":"useUrlPagination setFilter adds filter param and resets cursors","status":"passed","title":"setFilter adds filter param and resets cursors","duration":1.3736669999998412,"failureMessages":[],"meta":{}},{"ancestorTitles":["useUrlPagination"],"fullName":"useUrlPagination setFilter removes param when value is null","status":"passed","title":"setFilter removes param when value is null","duration":1.1670829999998205,"failureMessages":[],"meta":{}},{"ancestorTitles":["useUrlPagination"],"fullName":"useUrlPagination setFilter removes param when value is empty string","status":"passed","title":"setFilter removes param when value is empty string","duration":1.187832999999955,"failureMessages":[],"meta":{}},{"ancestorTitles":["useUrlPagination"],"fullName":"useUrlPagination clearFilters removes specified keys","status":"passed","title":"clearFilters removes specified keys","duration":1.3521659999998974,"failureMessages":[],"meta":{}},{"ancestorTitles":["useUrlPagination"],"fullName":"useUrlPagination returns false for both pagination flags with null pageInfo","status":"passed","title":"returns false for both pagination flags with null pageInfo","duration":1.0516250000000582,"failureMessages":[],"meta":{}}],"startTime":1776286631822,"endTime":1776286631903.0515,"status":"passed","message":"","name":"/Users/jcmordan/code/leave-request/frontend/src/hooks/useUrlPagination.test.ts"},{"assertionResults":[{"ancestorTitles":["themeStorage","getThemeStorageKey"],"fullName":"themeStorage getThemeStorageKey returns default key when no userId","status":"passed","title":"returns default key when no userId","duration":2.2645840000000135,"failureMessages":[],"meta":{}},{"ancestorTitles":["themeStorage","getThemeStorageKey"],"fullName":"themeStorage getThemeStorageKey returns user-specific key","status":"passed","title":"returns user-specific key","duration":0.21704200000021956,"failureMessages":[],"meta":{}},{"ancestorTitles":["themeStorage","getStoredTheme"],"fullName":"themeStorage getStoredTheme returns default theme when nothing stored","status":"passed","title":"returns default theme when nothing stored","duration":0.27766699999983757,"failureMessages":[],"meta":{}},{"ancestorTitles":["themeStorage","getStoredTheme"],"fullName":"themeStorage getStoredTheme returns stored valid theme","status":"passed","title":"returns stored valid theme","duration":0.22375000000010914,"failureMessages":[],"meta":{}},{"ancestorTitles":["themeStorage","getStoredTheme"],"fullName":"themeStorage getStoredTheme returns default theme for invalid stored value","status":"passed","title":"returns default theme for invalid stored value","duration":0.14054099999975733,"failureMessages":[],"meta":{}},{"ancestorTitles":["themeStorage","getStoredTheme"],"fullName":"themeStorage getStoredTheme returns stored theme for specific user","status":"passed","title":"returns stored theme for specific user","duration":0.13591700000006313,"failureMessages":[],"meta":{}},{"ancestorTitles":["themeStorage","setStoredTheme"],"fullName":"themeStorage setStoredTheme stores theme in localStorage","status":"passed","title":"stores theme in localStorage","duration":1.9135409999998956,"failureMessages":[],"meta":{}},{"ancestorTitles":["themeStorage","setStoredTheme"],"fullName":"themeStorage setStoredTheme stores theme for specific user","status":"passed","title":"stores theme for specific user","duration":0.2483340000003409,"failureMessages":[],"meta":{}},{"ancestorTitles":["themeStorage","clearStoredTheme"],"fullName":"themeStorage clearStoredTheme removes theme from localStorage","status":"passed","title":"removes theme from localStorage","duration":0.22895899999957692,"failureMessages":[],"meta":{}},{"ancestorTitles":["themeStorage","clearStoredTheme"],"fullName":"themeStorage clearStoredTheme removes theme for specific user","status":"passed","title":"removes theme for specific user","duration":0.1558749999999236,"failureMessages":[],"meta":{}}],"startTime":1776286634530,"endTime":1776286634536.2483,"status":"passed","message":"","name":"/Users/jcmordan/code/leave-request/frontend/src/lib/themeStorage.test.ts"},{"assertionResults":[{"ancestorTitles":["themes","defaultTheme"],"fullName":"themes defaultTheme is ocean-blue","status":"passed","title":"is ocean-blue","duration":3.3996669999999085,"failureMessages":[],"meta":{}},{"ancestorTitles":["themes","getTheme"],"fullName":"themes getTheme returns theme object for valid theme name","status":"passed","title":"returns theme object for valid theme name","duration":0.35279099999979735,"failureMessages":[],"meta":{}},{"ancestorTitles":["themes","getTheme"],"fullName":"themes getTheme returns undefined for unknown theme name","status":"passed","title":"returns undefined for unknown theme name","duration":0.14962500000001455,"failureMessages":[],"meta":{}},{"ancestorTitles":["themes","getTheme"],"fullName":"themes getTheme returns theme with expected color properties","status":"passed","title":"returns theme with expected color properties","duration":0.1638749999999618,"failureMessages":[],"meta":{}},{"ancestorTitles":["themes","isValidTheme"],"fullName":"themes isValidTheme returns true for valid theme name","status":"passed","title":"returns true for valid theme name","duration":0.20562500000005457,"failureMessages":[],"meta":{}},{"ancestorTitles":["themes","isValidTheme"],"fullName":"themes isValidTheme returns false for invalid theme name","status":"passed","title":"returns false for invalid theme name","duration":0.11354199999982484,"failureMessages":[],"meta":{}}],"startTime":1776286635461,"endTime":1776286635466.3528,"status":"passed","message":"","name":"/Users/jcmordan/code/leave-request/frontend/src/lib/themes.test.ts"},{"assertionResults":[{"ancestorTitles":["dateUtils","calculateAge"],"fullName":"dateUtils calculateAge returns a relative time string","status":"passed","title":"returns a relative time string","duration":4.2365420000000995,"failureMessages":[],"meta":{}},{"ancestorTitles":["dateUtils","calculateAge"],"fullName":"dateUtils calculateAge accepts locale parameter","status":"passed","title":"accepts locale parameter","duration":0.7724160000002485,"failureMessages":[],"meta":{}},{"ancestorTitles":["dateUtils","parseDateOfBirth"],"fullName":"dateUtils parseDateOfBirth returns formatted date without age","status":"passed","title":"returns formatted date without age","duration":2.2275409999997464,"failureMessages":[],"meta":{}},{"ancestorTitles":["dateUtils","parseDateOfBirth"],"fullName":"dateUtils parseDateOfBirth returns formatted date with age when showAge is true","status":"passed","title":"returns formatted date with age when showAge is true","duration":0.5289999999999964,"failureMessages":[],"meta":{}},{"ancestorTitles":["dateUtils","parseDateOfBirth"],"fullName":"dateUtils parseDateOfBirth accepts locale parameter","status":"passed","title":"accepts locale parameter","duration":0.22166699999979755,"failureMessages":[],"meta":{}},{"ancestorTitles":["dateUtils","fromNow"],"fullName":"dateUtils fromNow returns a relative time string","status":"passed","title":"returns a relative time string","duration":0.24716600000010658,"failureMessages":[],"meta":{}},{"ancestorTitles":["dateUtils","isInThePast"],"fullName":"dateUtils isInThePast returns true for past date","status":"passed","title":"returns true for past date","duration":0.19349999999985812,"failureMessages":[],"meta":{}},{"ancestorTitles":["dateUtils","isInThePast"],"fullName":"dateUtils isInThePast returns false for future date","status":"passed","title":"returns false for future date","duration":0.1145409999999174,"failureMessages":[],"meta":{}},{"ancestorTitles":["dateUtils","isInThePast"],"fullName":"dateUtils isInThePast accepts allowToday parameter","status":"passed","title":"accepts allowToday parameter","duration":0.12487499999997453,"failureMessages":[],"meta":{}},{"ancestorTitles":["dateUtils","isInTheFuture"],"fullName":"dateUtils isInTheFuture returns true for future date","status":"passed","title":"returns true for future date","duration":0.15174999999999272,"failureMessages":[],"meta":{}},{"ancestorTitles":["dateUtils","isInTheFuture"],"fullName":"dateUtils isInTheFuture returns false for past date","status":"passed","title":"returns false for past date","duration":0.33791699999983393,"failureMessages":[],"meta":{}},{"ancestorTitles":["dateUtils","isInTheFuture"],"fullName":"dateUtils isInTheFuture accepts allowToday parameter","status":"passed","title":"accepts allowToday parameter","duration":0.1430409999998119,"failureMessages":[],"meta":{}},{"ancestorTitles":["dateUtils","dayOfTheWeek"],"fullName":"dateUtils dayOfTheWeek returns abbreviated day name","status":"passed","title":"returns abbreviated day name","duration":0.2890419999998812,"failureMessages":[],"meta":{}},{"ancestorTitles":["dateUtils","fullDateTime"],"fullName":"dateUtils fullDateTime returns a formatted date-time string","status":"passed","title":"returns a formatted date-time string","duration":0.364875000000211,"failureMessages":[],"meta":{}},{"ancestorTitles":["dateUtils","shortDateTimeWithTime"],"fullName":"dateUtils shortDateTimeWithTime returns a short formatted date-time","status":"passed","title":"returns a short formatted date-time","duration":0.27133299999968585,"failureMessages":[],"meta":{}},{"ancestorTitles":["dateUtils","shortDate"],"fullName":"dateUtils shortDate returns a short formatted date","status":"passed","title":"returns a short formatted date","duration":0.31825000000026193,"failureMessages":[],"meta":{}},{"ancestorTitles":["dateUtils","fullDateTimeFromNow"],"fullName":"dateUtils fullDateTimeFromNow returns formatted date with relative time","status":"passed","title":"returns formatted date with relative time","duration":0.24741699999958655,"failureMessages":[],"meta":{}},{"ancestorTitles":["dateUtils","fullDateTimeFromNow"],"fullName":"dateUtils fullDateTimeFromNow returns dash for null","status":"passed","title":"returns dash for null","duration":0.09604200000012497,"failureMessages":[],"meta":{}},{"ancestorTitles":["dateUtils","fullDateTimeFromNow"],"fullName":"dateUtils fullDateTimeFromNow returns dash for undefined","status":"passed","title":"returns dash for undefined","duration":0.19525000000021464,"failureMessages":[],"meta":{}},{"ancestorTitles":["dateUtils","shortDateTimeFromNow"],"fullName":"dateUtils shortDateTimeFromNow returns short formatted date with relative time","status":"passed","title":"returns short formatted date with relative time","duration":0.2786660000001575,"failureMessages":[],"meta":{}},{"ancestorTitles":["dateUtils","shortDateTimeFromNow"],"fullName":"dateUtils shortDateTimeFromNow returns dash for null","status":"passed","title":"returns dash for null","duration":0.10174999999981083,"failureMessages":[],"meta":{}},{"ancestorTitles":["dateUtils","shortDateTimeFromNow"],"fullName":"dateUtils shortDateTimeFromNow returns dash for undefined","status":"passed","title":"returns dash for undefined","duration":0.08470900000020265,"failureMessages":[],"meta":{}},{"ancestorTitles":["dateUtils","setToCurrentDate"],"fullName":"dateUtils setToCurrentDate preserves hours and minutes from input date","status":"passed","title":"preserves hours and minutes from input date","duration":0.18679200000042329,"failureMessages":[],"meta":{}},{"ancestorTitles":["dateUtils","setToCurrentDate"],"fullName":"dateUtils setToCurrentDate accepts Date object","status":"passed","title":"accepts Date object","duration":0.12708299999985684,"failureMessages":[],"meta":{}},{"ancestorTitles":["dateUtils","getWeekDay"],"fullName":"dateUtils getWeekDay returns a number for the day of the week","status":"passed","title":"returns a number for the day of the week","duration":0.25375000000030923,"failureMessages":[],"meta":{}},{"ancestorTitles":["dateUtils","formatDuration"],"fullName":"dateUtils formatDuration formats minutes to HH:mm","status":"passed","title":"formats minutes to HH:mm","duration":0.7592080000003989,"failureMessages":[],"meta":{}},{"ancestorTitles":["dateUtils","formatDuration"],"fullName":"dateUtils formatDuration formats zero minutes","status":"passed","title":"formats zero minutes","duration":0.2519579999998314,"failureMessages":[],"meta":{}},{"ancestorTitles":["dateUtils","formatDuration"],"fullName":"dateUtils formatDuration formats full hours","status":"passed","title":"formats full hours","duration":0.109375,"failureMessages":[],"meta":{}},{"ancestorTitles":["dateUtils","nexWeekDay"],"fullName":"dateUtils nexWeekDay returns a dayjs object for the given weekday","status":"passed","title":"returns a dayjs object for the given weekday","duration":0.19179099999973914,"failureMessages":[],"meta":{}},{"ancestorTitles":["dateUtils","dateTimesMatch"],"fullName":"dateUtils dateTimesMatch returns true when dates match to the minute","status":"passed","title":"returns true when dates match to the minute","duration":0.18395800000007512,"failureMessages":[],"meta":{}},{"ancestorTitles":["dateUtils","dateTimesMatch"],"fullName":"dateUtils dateTimesMatch returns false when dates differ by a minute","status":"passed","title":"returns false when dates differ by a minute","duration":0.10670799999979863,"failureMessages":[],"meta":{}}],"startTime":1776286634351,"endTime":1776286634365.252,"status":"passed","message":"","name":"/Users/jcmordan/code/leave-request/frontend/src/utils/dateUtils.test.ts"},{"assertionResults":[{"ancestorTitles":["formatters","cleanPhoneNumber"],"fullName":"formatters cleanPhoneNumber cleans non-digit characters from a phone number","status":"passed","title":"cleans non-digit characters from a phone number","duration":1.4623750000000655,"failureMessages":[],"meta":{}},{"ancestorTitles":["formatters","formatPhoneNumber"],"fullName":"formatters formatPhoneNumber formats a valid 10-digit phone number","status":"passed","title":"formats a valid 10-digit phone number","duration":0.17399999999997817,"failureMessages":[],"meta":{}},{"ancestorTitles":["formatters","formatPhoneNumber"],"fullName":"formatters formatPhoneNumber returns original string when not 10 digits","status":"passed","title":"returns original string when not 10 digits","duration":0.10270900000023175,"failureMessages":[],"meta":{}},{"ancestorTitles":["formatters","getInitials"],"fullName":"formatters getInitials returns initials for first and last name","status":"passed","title":"returns initials for first and last name","duration":0.09458399999994072,"failureMessages":[],"meta":{}},{"ancestorTitles":["formatters","getInitials"],"fullName":"formatters getInitials returns single initial for single name","status":"passed","title":"returns single initial for single name","duration":0.06362499999977445,"failureMessages":[],"meta":{}},{"ancestorTitles":["formatters","formatPercentage"],"fullName":"formatters formatPercentage formats a number as percentage","status":"passed","title":"formats a number as percentage","duration":16.35370899999998,"failureMessages":[],"meta":{}},{"ancestorTitles":["formatters","formatPercentage"],"fullName":"formatters formatPercentage returns dash for null","status":"passed","title":"returns dash for null","duration":0.08062499999959982,"failureMessages":[],"meta":{}},{"ancestorTitles":["formatters","formatPercentage"],"fullName":"formatters formatPercentage returns dash for undefined","status":"passed","title":"returns dash for undefined","duration":0.050834000000122614,"failureMessages":[],"meta":{}},{"ancestorTitles":["formatters","formatPercentage"],"fullName":"formatters formatPercentage formats zero correctly","status":"passed","title":"formats zero correctly","duration":0.11058300000013332,"failureMessages":[],"meta":{}},{"ancestorTitles":["formatters","formatCurrency"],"fullName":"formatters formatCurrency formats a number as currency","status":"passed","title":"formats a number as currency","duration":0.8516669999999067,"failureMessages":[],"meta":{}},{"ancestorTitles":["formatters","formatCurrency"],"fullName":"formatters formatCurrency returns dash for null","status":"passed","title":"returns dash for null","duration":0.06291600000031394,"failureMessages":[],"meta":{}},{"ancestorTitles":["formatters","formatCurrency"],"fullName":"formatters formatCurrency returns dash for undefined","status":"passed","title":"returns dash for undefined","duration":0.04791699999987031,"failureMessages":[],"meta":{}},{"ancestorTitles":["formatters","formatCurrency"],"fullName":"formatters formatCurrency accepts custom currency","status":"passed","title":"accepts custom currency","duration":0.1069999999999709,"failureMessages":[],"meta":{}},{"ancestorTitles":["formatters","formatCurrency"],"fullName":"formatters formatCurrency formats zero correctly","status":"passed","title":"formats zero correctly","duration":0.08904200000006313,"failureMessages":[],"meta":{}},{"ancestorTitles":["formatters","formatDate"],"fullName":"formatters formatDate formats a valid date string","status":"passed","title":"formats a valid date string","duration":0.9207500000002256,"failureMessages":[],"meta":{}},{"ancestorTitles":["formatters","formatDate"],"fullName":"formatters formatDate formats a Date object","status":"passed","title":"formats a Date object","duration":0.14025000000037835,"failureMessages":[],"meta":{}},{"ancestorTitles":["formatters","formatDate"],"fullName":"formatters formatDate returns fallback for null","status":"passed","title":"returns fallback for null","duration":0.0466670000000704,"failureMessages":[],"meta":{}},{"ancestorTitles":["formatters","formatDate"],"fullName":"formatters formatDate returns fallback for undefined","status":"passed","title":"returns fallback for undefined","duration":0.04475000000002183,"failureMessages":[],"meta":{}},{"ancestorTitles":["formatters","formatDate"],"fullName":"formatters formatDate returns fallback for empty string","status":"passed","title":"returns fallback for empty string","duration":0.0496250000001055,"failureMessages":[],"meta":{}},{"ancestorTitles":["formatters","formatDate"],"fullName":"formatters formatDate returns custom fallback","status":"passed","title":"returns custom fallback","duration":0.046291000000110216,"failureMessages":[],"meta":{}},{"ancestorTitles":["formatters","formatDate"],"fullName":"formatters formatDate returns fallback for invalid date","status":"passed","title":"returns fallback for invalid date","duration":0.04858299999978044,"failureMessages":[],"meta":{}},{"ancestorTitles":["formatters","formatDate"],"fullName":"formatters formatDate returns fallback for year <= 1","status":"passed","title":"returns fallback for year <= 1","duration":0.05524999999988722,"failureMessages":[],"meta":{}},{"ancestorTitles":["formatters","formatDate"],"fullName":"formatters formatDate uses custom format string","status":"passed","title":"uses custom format string","duration":0.0652909999998883,"failureMessages":[],"meta":{}},{"ancestorTitles":["formatters","formatNationalId"],"fullName":"formatters formatNationalId formats valid 11-digit cédula","status":"passed","title":"formats valid 11-digit cédula","duration":0.09900000000016007,"failureMessages":[],"meta":{}},{"ancestorTitles":["formatters","formatNationalId"],"fullName":"formatters formatNationalId strips non-digit characters before formatting","status":"passed","title":"strips non-digit characters before formatting","duration":0.04083300000002055,"failureMessages":[],"meta":{}},{"ancestorTitles":["formatters","formatNationalId"],"fullName":"formatters formatNationalId returns the same string for invalid length","status":"passed","title":"returns the same string for invalid length","duration":0.038417000000208645,"failureMessages":[],"meta":{}},{"ancestorTitles":["formatters","truncate"],"fullName":"formatters truncate truncates a long string and adds ellipsis","status":"passed","title":"truncates a long string and adds ellipsis","duration":0.06158300000015515,"failureMessages":[],"meta":{}},{"ancestorTitles":["formatters","truncate"],"fullName":"formatters truncate returns the same string if it is shorter than maxLength","status":"passed","title":"returns the same string if it is shorter than maxLength","duration":0.0378339999997479,"failureMessages":[],"meta":{}},{"ancestorTitles":["formatters","truncate"],"fullName":"formatters truncate returns dash for null","status":"passed","title":"returns dash for null","duration":0.03662500000018554,"failureMessages":[],"meta":{}},{"ancestorTitles":["formatters","truncate"],"fullName":"formatters truncate returns dash for undefined","status":"passed","title":"returns dash for undefined","duration":0.037458000000242464,"failureMessages":[],"meta":{}},{"ancestorTitles":["formatters","truncate"],"fullName":"formatters truncate uses default maxLength of 50","status":"passed","title":"uses default maxLength of 50","duration":0.06612499999982901,"failureMessages":[],"meta":{}}],"startTime":1776286635985,"endTime":1776286636007.099,"status":"passed","message":"","name":"/Users/jcmordan/code/leave-request/frontend/src/utils/formatters.test.ts"},{"assertionResults":[{"ancestorTitles":["groupPermissions"],"fullName":"groupPermissions groups permissions by module and entity","status":"passed","title":"groups permissions by module and entity","duration":8.305208999999877,"failureMessages":[],"meta":{}},{"ancestorTitles":["groupPermissions"],"fullName":"groupPermissions marks active permissions as selected","status":"passed","title":"marks active permissions as selected","duration":0.8044170000000577,"failureMessages":[],"meta":{}},{"ancestorTitles":["groupPermissions"],"fullName":"groupPermissions sorts view permissions first","status":"passed","title":"sorts view permissions first","duration":0.5168750000000273,"failureMessages":[],"meta":{}},{"ancestorTitles":["groupPermissions"],"fullName":"groupPermissions returns empty object for null permissions","status":"passed","title":"returns empty object for null permissions","duration":1.2451670000000377,"failureMessages":[],"meta":{}},{"ancestorTitles":["groupPermissions"],"fullName":"groupPermissions returns empty object for undefined permissions","status":"passed","title":"returns empty object for undefined permissions","duration":0.2114169999999831,"failureMessages":[],"meta":{}},{"ancestorTitles":["groupPermissions"],"fullName":"groupPermissions defaults activePermissionIds to empty array","status":"passed","title":"defaults activePermissionIds to empty array","duration":0.24154199999998127,"failureMessages":[],"meta":{}},{"ancestorTitles":["groupPermissions"],"fullName":"groupPermissions skips permissions with fewer than 3 parts","status":"passed","title":"skips permissions with fewer than 3 parts","duration":2.4524579999999787,"failureMessages":[],"meta":{}}],"startTime":1776286634971,"endTime":1776286634984.4524,"status":"passed","message":"","name":"/Users/jcmordan/code/leave-request/frontend/src/utils/permissionUtils.test.ts"},{"assertionResults":[{"ancestorTitles":["generatePassword"],"fullName":"generatePassword generates a password of default length 12","status":"passed","title":"generates a password of default length 12","duration":3.508542000000034,"failureMessages":[],"meta":{}},{"ancestorTitles":["generatePassword"],"fullName":"generatePassword generates a password of custom length","status":"passed","title":"generates a password of custom length","duration":0.306999999999789,"failureMessages":[],"meta":{}},{"ancestorTitles":["generatePassword"],"fullName":"generatePassword generates a password of length 1","status":"passed","title":"generates a password of length 1","duration":0.20554199999992306,"failureMessages":[],"meta":{}},{"ancestorTitles":["generatePassword"],"fullName":"generatePassword only contains characters from the allowed charset","status":"passed","title":"only contains characters from the allowed charset","duration":2.230374999999867,"failureMessages":[],"meta":{}},{"ancestorTitles":["generatePassword"],"fullName":"generatePassword generates different passwords on successive calls","status":"passed","title":"generates different passwords on successive calls","duration":0.23137500000007094,"failureMessages":[],"meta":{}}],"startTime":1776286634990,"endTime":1776286634996.2314,"status":"passed","message":"","name":"/Users/jcmordan/code/leave-request/frontend/src/utils/securityUtils.test.ts"},{"assertionResults":[{"ancestorTitles":["CancelRequestModal"],"fullName":"CancelRequestModal renders nothing when request is null","status":"passed","title":"renders nothing when request is null","duration":64.49925000000076,"failureMessages":[],"meta":{}},{"ancestorTitles":["CancelRequestModal"],"fullName":"CancelRequestModal renders correctly with request details","status":"passed","title":"renders correctly with request details","duration":454.20429200000035,"failureMessages":[],"meta":{}},{"ancestorTitles":["CancelRequestModal"],"fullName":"CancelRequestModal calls cancelRequest mutation when confirm button is clicked","status":"passed","title":"calls cancelRequest mutation when confirm button is clicked","duration":80.21466700000019,"failureMessages":[],"meta":{}},{"ancestorTitles":["CancelRequestModal"],"fullName":"CancelRequestModal calls onClose when keep request button is clicked","status":"passed","title":"calls onClose when keep request button is clicked","duration":80.33270799999991,"failureMessages":[],"meta":{}},{"ancestorTitles":["CancelRequestModal"],"fullName":"CancelRequestModal handles successful cancellation","status":"passed","title":"handles successful cancellation","duration":107.68116700000064,"failureMessages":[],"meta":{}},{"ancestorTitles":["CancelRequestModal"],"fullName":"CancelRequestModal handles cancellation error","status":"passed","title":"handles cancellation error","duration":118.3899169999986,"failureMessages":[],"meta":{}},{"ancestorTitles":["CancelRequestModal"],"fullName":"CancelRequestModal handles mutation error (onError branch)","status":"passed","title":"handles mutation error (onError branch)","duration":215.00695900000028,"failureMessages":[],"meta":{}},{"ancestorTitles":["CancelRequestModal"],"fullName":"CancelRequestModal disables buttons when loading is true","status":"passed","title":"disables buttons when loading is true","duration":287.2100840000003,"failureMessages":[],"meta":{}}],"startTime":1776286627243,"endTime":1776286628650.2102,"status":"passed","message":"","name":"/Users/jcmordan/code/leave-request/frontend/src/components/requests/CancelRequestModal.test.tsx"},{"assertionResults":[{"ancestorTitles":["mapEdgesToArray"],"fullName":"mapEdgesToArray maps edges to flat array of nodes","status":"passed","title":"maps edges to flat array of nodes","duration":5.4509160000000065,"failureMessages":[],"meta":{}},{"ancestorTitles":["mapEdgesToArray"],"fullName":"mapEdgesToArray returns empty-ish result for null","status":"passed","title":"returns empty-ish result for null","duration":0.31979200000000674,"failureMessages":[],"meta":{}},{"ancestorTitles":["mapEdgesToArray"],"fullName":"mapEdgesToArray returns empty-ish result for undefined","status":"passed","title":"returns empty-ish result for undefined","duration":0.1366250000000946,"failureMessages":[],"meta":{}},{"ancestorTitles":["mapEdgesToArray"],"fullName":"mapEdgesToArray returns empty array for empty edges","status":"passed","title":"returns empty array for empty edges","duration":0.16229100000009566,"failureMessages":[],"meta":{}},{"ancestorTitles":["mapEdgesToArray"],"fullName":"mapEdgesToArray preserves all node properties","status":"passed","title":"preserves all node properties","duration":0.18425000000002,"failureMessages":[],"meta":{}}],"startTime":1776286635054,"endTime":1776286635061.1843,"status":"passed","message":"","name":"/Users/jcmordan/code/leave-request/frontend/src/utils/graphql/mapEdgesToArray.test.ts"},{"assertionResults":[{"ancestorTitles":["useStandardizedMutation"],"fullName":"useStandardizedMutation returns mutate function, submitting state, and error","status":"passed","title":"returns mutate function, submitting state, and error","duration":2.757625000000189,"failureMessages":[],"meta":{}},{"ancestorTitles":["useStandardizedMutation"],"fullName":"useStandardizedMutation shows success toast when message is provided and mutation succeeds","status":"passed","title":"shows success toast when message is provided and mutation succeeds","duration":2.452125000000251,"failureMessages":[],"meta":{}},{"ancestorTitles":["useStandardizedMutation"],"fullName":"useStandardizedMutation does not show success toast when message is not provided","status":"passed","title":"does not show success toast when message is not provided","duration":0.3941669999999249,"failureMessages":[],"meta":{}},{"ancestorTitles":["useStandardizedMutation"],"fullName":"useStandardizedMutation throws when mutation returns no data","status":"passed","title":"throws when mutation returns no data","duration":1.716457999999875,"failureMessages":[],"meta":{}},{"ancestorTitles":["useStandardizedMutation"],"fullName":"useStandardizedMutation shows error toast and rethrows on mutation failure","status":"passed","title":"shows error toast and rethrows on mutation failure","duration":0.6583329999998568,"failureMessages":[],"meta":{}},{"ancestorTitles":["useStandardizedMutation"],"fullName":"useStandardizedMutation extracts graphQL error messages","status":"passed","title":"extracts graphQL error messages","duration":0.2523750000000291,"failureMessages":[],"meta":{}},{"ancestorTitles":["useStandardizedMutation"],"fullName":"useStandardizedMutation extracts network error messages","status":"passed","title":"extracts network error messages","duration":0.25462500000003274,"failureMessages":[],"meta":{}},{"ancestorTitles":["useStandardizedMutation"],"fullName":"useStandardizedMutation extracts generic message from error object","status":"passed","title":"extracts generic message from error object","duration":0.2773339999998825,"failureMessages":[],"meta":{}},{"ancestorTitles":["useStandardizedMutation"],"fullName":"useStandardizedMutation uses fallback message for non-object errors","status":"passed","title":"uses fallback message for non-object errors","duration":0.24812500000007276,"failureMessages":[],"meta":{}},{"ancestorTitles":["useStandardizedMutation"],"fullName":"useStandardizedMutation does not show error toast when errorMessage is not provided","status":"passed","title":"does not show error toast when errorMessage is not provided","duration":0.28962500000034197,"failureMessages":[],"meta":{}}],"startTime":1776286634451,"endTime":1776286634461.2896,"status":"passed","message":"","name":"/Users/jcmordan/code/leave-request/frontend/src/utils/graphql/useStandardizedMutation.test.ts"},{"assertionResults":[{"ancestorTitles":["Progress"],"fullName":"Progress renders with correct value","status":"passed","title":"renders with correct value","duration":173.6366250000001,"failureMessages":[],"meta":{}},{"ancestorTitles":["Progress"],"fullName":"Progress handles undefined value","status":"passed","title":"handles undefined value","duration":14.588208000000122,"failureMessages":[],"meta":{}}],"startTime":1776286630338,"endTime":1776286630526.5881,"status":"passed","message":"","name":"/Users/jcmordan/code/leave-request/frontend/src/components/ui/progress.test.tsx"},{"assertionResults":[{"ancestorTitles":["FormFileInput"],"fullName":"FormFileInput renders correctly in empty state","status":"passed","title":"renders correctly in empty state","duration":119.27729199999976,"failureMessages":[],"meta":{}},{"ancestorTitles":["FormFileInput"],"fullName":"FormFileInput triggers file input click when container is clicked","status":"passed","title":"triggers file input click when container is clicked","duration":72.12562499999967,"failureMessages":[],"meta":{}},{"ancestorTitles":["FormFileInput"],"fullName":"FormFileInput displays filename when a file is selected","status":"passed","title":"displays filename when a file is selected","duration":22.218958999999813,"failureMessages":[],"meta":{}},{"ancestorTitles":["FormFileInput"],"fullName":"FormFileInput clears the file when the clear button is clicked","status":"passed","title":"clears the file when the clear button is clicked","duration":46.00333300000011,"failureMessages":[],"meta":{}},{"ancestorTitles":["FormFileInput"],"fullName":"FormFileInput shows asterisk when required","status":"passed","title":"shows asterisk when required","duration":19.793416999999863,"failureMessages":[],"meta":{}},{"ancestorTitles":["FormFileInput"],"fullName":"FormFileInput is disabled when disabled prop is true","status":"passed","title":"is disabled when disabled prop is true","duration":35.26420899999994,"failureMessages":[],"meta":{}}],"startTime":1776286623028,"endTime":1776286623343.2642,"status":"passed","message":"","name":"/Users/jcmordan/code/leave-request/frontend/src/components/forms/form-input/FormFileInput.test.tsx"},{"assertionResults":[{"ancestorTitles":["DepartmentBadge"],"fullName":"DepartmentBadge uses mapped colors for known departments","status":"passed","title":"uses mapped colors for known departments","duration":86.42033300000003,"failureMessages":[],"meta":{}},{"ancestorTitles":["DepartmentBadge"],"fullName":"DepartmentBadge uses fallback colors for unknown departments","status":"passed","title":"uses fallback colors for unknown departments","duration":5.654209000000037,"failureMessages":[],"meta":{}}],"startTime":1776286632058,"endTime":1776286632150.6543,"status":"passed","message":"","name":"/Users/jcmordan/code/leave-request/frontend/src/app/[locale]/(root)/employees/components/DepartmentBadge.test.tsx"},{"assertionResults":[{"ancestorTitles":["DirectoryControls"],"fullName":"DirectoryControls defaults query to empty string when searchValue is not provided","status":"passed","title":"defaults query to empty string when searchValue is not provided","duration":53.704499999999825,"failureMessages":[],"meta":{}},{"ancestorTitles":["DirectoryControls"],"fullName":"DirectoryControls uses current query when callback receives undefined","status":"passed","title":"uses current query when callback receives undefined","duration":16.25108299999988,"failureMessages":[],"meta":{}},{"ancestorTitles":["DirectoryControls"],"fullName":"DirectoryControls updates query and calls onSearch when filter changes","status":"passed","title":"updates query and calls onSearch when filter changes","duration":33.44466699999998,"failureMessages":[],"meta":{}}],"startTime":1776286632005,"endTime":1776286632108.4446,"status":"passed","message":"","name":"/Users/jcmordan/code/leave-request/frontend/src/app/[locale]/(root)/employees/components/DirectoryControls.test.tsx"},{"assertionResults":[{"ancestorTitles":["useEmployeeColumns"],"fullName":"useEmployeeColumns returns expected column metadata and renders key cells","status":"passed","title":"returns expected column metadata and renders key cells","duration":290.66520800000035,"failureMessages":[],"meta":{}},{"ancestorTitles":["useEmployeeColumns"],"fullName":"useEmployeeColumns uses fallback values for missing optional fields","status":"passed","title":"uses fallback values for missing optional fields","duration":4.5610420000002705,"failureMessages":[],"meta":{}}],"startTime":1776286632447,"endTime":1776286632742.561,"status":"passed","message":"","name":"/Users/jcmordan/code/leave-request/frontend/src/app/[locale]/(root)/employees/components/EmployeeColumns.test.tsx"},{"assertionResults":[{"ancestorTitles":["EmployeeDirectory"],"fullName":"EmployeeDirectory builds variables with \"before\" branch and propagates search actions","status":"passed","title":"builds variables with \"before\" branch and propagates search actions","duration":40.30699999999979,"failureMessages":[],"meta":{}},{"ancestorTitles":["EmployeeDirectory"],"fullName":"EmployeeDirectory builds variables with \"after\" branch when \"before\" is missing","status":"passed","title":"builds variables with \"after\" branch when \"before\" is missing","duration":3.2309159999999792,"failureMessages":[],"meta":{}}],"startTime":1776286620219,"endTime":1776286620263.231,"status":"passed","message":"","name":"/Users/jcmordan/code/leave-request/frontend/src/app/[locale]/(root)/employees/components/EmployeeDirectory.test.tsx"},{"assertionResults":[{"ancestorTitles":["EmployeeTable"],"fullName":"EmployeeTable renders empty state when fragment result is null","status":"passed","title":"renders empty state when fragment result is null","duration":30.723124999999982,"failureMessages":[],"meta":{}},{"ancestorTitles":["EmployeeTable"],"fullName":"EmployeeTable renders empty state when fragment has no edges","status":"passed","title":"renders empty state when fragment has no edges","duration":2.2233750000000327,"failureMessages":[],"meta":{}},{"ancestorTitles":["EmployeeTable"],"fullName":"EmployeeTable renders paginated table when employees exist","status":"passed","title":"renders paginated table when employees exist","duration":3.1700419999997393,"failureMessages":[],"meta":{}}],"startTime":1776286620257,"endTime":1776286620293.17,"status":"passed","message":"","name":"/Users/jcmordan/code/leave-request/frontend/src/app/[locale]/(root)/employees/components/EmployeeTable.test.tsx"},{"assertionResults":[{"ancestorTitles":["StatsSection"],"fullName":"StatsSection renders all stat cards with correct values","status":"passed","title":"renders all stat cards with correct values","duration":175.56216700000004,"failureMessages":[],"meta":{}}],"startTime":1776286631870,"endTime":1776286632045.5623,"status":"passed","message":"","name":"/Users/jcmordan/code/leave-request/frontend/src/app/[locale]/(root)/employees/components/StatsSection.test.tsx"},{"assertionResults":[{"ancestorTitles":["EmployeeEditFormContent"],"fullName":"EmployeeEditFormContent renders all form sections and separators in order","status":"passed","title":"renders all form sections and separators in order","duration":46.44220799999994,"failureMessages":[],"meta":{}},{"ancestorTitles":["EmployeeEditFormContent"],"fullName":"EmployeeEditFormContent handles null employeeRef gracefully (even if non-optional in implementation)","status":"passed","title":"handles null employeeRef gracefully (even if non-optional in implementation)","duration":0.17695800000001327,"failureMessages":[],"meta":{}}],"startTime":1776286634167,"endTime":1776286634214.177,"status":"passed","message":"","name":"/Users/jcmordan/code/leave-request/frontend/src/app/[locale]/(root)/employees/sheets/EmployeeEditForm.test.tsx"},{"assertionResults":[{"ancestorTitles":["EmployeeEditSheet"],"fullName":"EmployeeEditSheet renders loading state initially","status":"passed","title":"renders loading state initially","duration":504.1663329999992,"failureMessages":[],"meta":{}},{"ancestorTitles":["EmployeeEditSheet"],"fullName":"EmployeeEditSheet renders form with employee data","status":"failed","title":"renders form with employee data","duration":313.6890000000003,"failureMessages":["TestingLibraryElementError: Unable to find an element with the text: Developer. This could be because the text is broken up by multiple elements. In this case, you can provide a function for your text matcher to make your matcher more flexible.\n\nIgnored nodes: comments, script, style\n\u001b[36m<body>\u001b[39m\n  \u001b[36m<div>\u001b[39m\n    \u001b[36m<form\u001b[39m\n      \u001b[33mclass\u001b[39m=\u001b[32m\"flex flex-col flex-1 h-full min-h-0\"\u001b[39m\n    \u001b[36m>\u001b[39m\n      \u001b[36m<div\u001b[39m\n        \u001b[33mclass\u001b[39m=\u001b[32m\"flex flex-col gap-1.5 p-4 bg-white\"\u001b[39m\n        \u001b[33mdata-slot\u001b[39m=\u001b[32m\"sheet-header\"\u001b[39m\n      \u001b[36m>\u001b[39m\n        \u001b[36m<h2\u001b[39m\n          \u001b[33mclass\u001b[39m=\u001b[32m\"text-foreground font-semibold\"\u001b[39m\n          \u001b[33mdata-slot\u001b[39m=\u001b[32m\"sheet-title\"\u001b[39m\n          \u001b[33mid\u001b[39m=\u001b[32m\"radix-_r_1m_\"\u001b[39m\n        \u001b[36m>\u001b[39m\n          \u001b[36m<span\u001b[39m\n            \u001b[33mclass\u001b[39m=\u001b[32m\"text-lg font-semibold pt-4\"\u001b[39m\n          \u001b[36m>\u001b[39m\n            \u001b[0meditProfile\u001b[0m\n          \u001b[36m</span>\u001b[39m\n        \u001b[36m</h2>\u001b[39m\n        \u001b[36m<p\u001b[39m\n          \u001b[33mclass\u001b[39m=\u001b[32m\"text-muted-foreground text-sm\"\u001b[39m\n          \u001b[33mdata-slot\u001b[39m=\u001b[32m\"sheet-description\"\u001b[39m\n          \u001b[33mid\u001b[39m=\u001b[32m\"radix-_r_1n_\"\u001b[39m\n        \u001b[36m>\u001b[39m\n          \u001b[0mUpdate employee's sovereign identity and organizational role.\u001b[0m\n        \u001b[36m</p>\u001b[39m\n      \u001b[36m</div>\u001b[39m\n      \u001b[36m<div\u001b[39m\n        \u001b[33mclass\u001b[39m=\u001b[32m\"flex-1 overflow-auto p-8 pt-1 bg-white\"\u001b[39m\n      \u001b[36m>\u001b[39m\n        \u001b[36m<div\u001b[39m\n          \u001b[33mclass\u001b[39m=\u001b[32m\"flex flex-col gap-4\"\u001b[39m\n        \u001b[36m>\u001b[39m\n          \u001b[36m<div\u001b[39m\n            \u001b[33mclass\u001b[39m=\u001b[32m\"space-y-8 pb-8\"\u001b[39m\n          \u001b[36m>\u001b[39m\n            \u001b[36m<div\u001b[39m\n              \u001b[33mclass\u001b[39m=\u001b[32m\"space-y-4\"\u001b[39m\n            \u001b[36m>\u001b[39m\n              \u001b[36m<div\u001b[39m\n                \u001b[33mclass\u001b[39m=\u001b[32m\"flex items-center gap-2 mb-2 pb-4\"\u001b[39m\n              \u001b[36m>\u001b[39m\n                \u001b[36m<span\u001b[39m\n                  \u001b[33mclass\u001b[39m=\u001b[32m\"w-1 h-4 bg-secondary rounded-full\"\u001b[39m\n                \u001b[36m/>\u001b[39m\n                \u001b[36m<h3\u001b[39m\n                  \u001b[33mclass\u001b[39m=\u001b[32m\"text-[11px] uppercase tracking-widest font-bold text-muted-foreground/60\"\u001b[39m\n                \u001b[36m>\u001b[39m\n                  \u001b[0mIdentity & Contact\u001b[0m\n                \u001b[36m</h3>\u001b[39m\n              \u001b[36m</div>\u001b[39m\n              \u001b[36m<div\u001b[39m\n                \u001b[33mclass\u001b[39m=\u001b[32m\"space-y-4\"\u001b[39m\n              \u001b[36m>\u001b[39m\n                \u001b[36m<div\u001b[39m\n                  \u001b[33mclass\u001b[39m=\u001b[32m\"grid grid-cols-2 gap-4 w-full\"\u001b[39m\n                \u001b[36m>\u001b[39m\n                  \u001b[36m<div\u001b[39m\n                    \u001b[33mdata-filled\u001b[39m=\u001b[32m\"\"\u001b[39m\n                    \u001b[33mdata-invalid\u001b[39m=\u001b[32m\"false\"\u001b[39m\n                    \u001b[33mid\u001b[39m=\u001b[32m\"fullName-field\"\u001b[39m\n                  \u001b[36m>\u001b[39m\n                    \u001b[36m<label\u001b[39m\n                      \u001b[33mclass\u001b[39m=\u001b[32m\"mb-2 ml-1 block text-[10px] font-bold uppercase tracking-[0.08em] text-muted-foreground\"\u001b[39m\n                      \u001b[33mdata-filled\u001b[39m=\u001b[32m\"\"\u001b[39m\n                      \u001b[33mdata-slot\u001b[39m=\u001b[32m\"field-label\"\u001b[39m\n                      \u001b[33mfor\u001b[39m=\u001b[32m\"fullName\"\u001b[39m\n                      \u001b[33mid\u001b[39m=\u001b[32m\"base-ui-_r_1p_\"\u001b[39m\n                    \u001b[36m>\u001b[39m\n                      \u001b[0mfullName\u001b[0m\n                      \u001b[36m<span\u001b[39m\n                        \u001b[33mclass\u001b[39m=\u001b[32m\"text-destructive ml-1\"\u001b[39m\n                      \u001b[36m>\u001b[39m\n                        \u001b[0m*\u001b[0m\n                      \u001b[36m</span>\u001b[39m\n                    \u001b[36m</label>\u001b[39m\n                    \u001b[36m<div\u001b[39m\n                      \u001b[33mclass\u001b[39m=\u001b[32m\"relative\"\u001b[39m\n                    \u001b[36m>\u001b[39m\n                      \u001b[36m<input\u001b[39m\n                        \u001b[33maria-invalid\u001b[39m=\u001b[32m\"false\"\u001b[39m\n                        \u001b[33maria-labelledby\u001b[39m=\u001b[32m\"base-ui-_r_1p_\"\u001b[39m\n                        \u001b[33mclass\u001b[39m=\u001b[32m\"w-full min-w-0 transition-all outline-none disabled:pointer-events-none disabled:cursor-not-allowed disabled:opacity-50 h-10 rounded-lg border border-input px-2.5 py-1 text-base placeholder:text-muted-foreground focus-visible:border-ring focus-visible:ring-3 focus-visible:ring-ring/50 aria-invalid:border-destructive aria-invalid:ring-3 aria-invalid:ring-destructive/20 md:text-sm dark:bg-input/30 dark:disabled:bg-input/80 dark:aria-invalid:border-destructive/50 dark:aria-invalid:ring-destructive/40 bg-muted\"\u001b[39m\n                        \u001b[33mdata-filled\u001b[39m=\u001b[32m\"\"\u001b[39m\n                        \u001b[33mdata-slot\u001b[39m=\u001b[32m\"input\"\u001b[39m\n                        \u001b[33mid\u001b[39m=\u001b[32m\"fullName\"\u001b[39m\n                        \u001b[33mname\u001b[39m=\u001b[32m\"fullName\"\u001b[39m\n                        \u001b[33mplaceholder\u001b[39m=\u001b[32m\"John Doe\"\u001b[39m\n                        \u001b[33mvalue\u001b[39m=\u001b[32m\"John Doe\"\u001b[39m\n                      \u001b[36m/>\u001b[39m\n                    \u001b[36m</div>\u001b[39m\n                  \u001b[36m</div>\u001b[39m\n                  \u001b[36m<div\u001b[39m\n                    \u001b[33mdata-filled\u001b[39m=\u001b[32m\"\"\u001b[39m\n                    \u001b[33mdata-invalid\u001b[39m=\u001b[32m\"false\"\u001b[39m\n                    \u001b[33mid\u001b[39m=\u001b[32m\"email-field\"\u001b[39m\n                  \u001b[36m>\u001b[39m\n                    \u001b[36m<label\u001b[39m\n                      \u001b[33mclass\u001b[39m=\u001b[32m\"mb-2 ml-1 block text-[10px] font-bold uppercase tracking-[0.08em] text-muted-foreground\"\u001b[39m\n                      \u001b[33mdata-filled\u001b[39m=\u001b[32m\"\"\u001b[39m\n                      \u001b[33mdata-slot\u001b[39m=\u001b[32m\"field-label\"\u001b[39m\n                      \u001b[33mfor\u001b[39m=\u001b[32m\"email\"\u001b[39m\n                      \u001b[33mid\u001b[39m=\u001b[32m\"base-ui-_r_1s_\"\u001b[39m\n                    \u001b[36m>\u001b[39m\n                      \u001b[0memail\u001b[0m\n                    \u001b[36m</label>\u001b[39m\n                    \u001b[36m<div\u001b[39m\n                      \u001b[33mclass\u001b[39m=\u001b[32m\"relative\"\u001b[39m\n                    \u001b[36m>\u001b[39m\n                      \u001b[36m<input\u001b[39m\n                        \u001b[33maria-invalid\u001b[39m=\u001b[32m\"false\"\u001b[39m\n                        \u001b[33maria-labelledby\u001b[39m=\u001b[32m\"base-ui-_r_1s_\"\u001b[39m\n                        \u001b[33mclass\u001b[39m=\u001b[32m\"w-full min-w-0 transition-all outline-none disabled:pointer-events-none disabled:cursor-not-allowed disabled:opacity-50 h-10 rounded-lg border border-input px-2.5 py-1 text-base placeholder:text-muted-foreground focus-visible:border-ring focus-visible:ring-3 focus-visible:ring-ring/50 aria-invalid:border-destructive aria-invalid:ring-3 aria-invalid:ring-destructive/20 md:text-sm dark:bg-input/30 dark:disabled:bg-input/80 dark:aria-invalid:border-destructive/50 dark:aria-invalid:ring-destructive/40 bg-muted\"\u001b[39m\n                        \u001b[33mdata-filled\u001b[39m=\u001b[32m\"\"\u001b[39m\n                        \u001b[33mdata-slot\u001b[39m=\u001b[32m\"input\"\u001b[39m\n                        \u001b[33mid\u001b[39m=\u001b[32m\"email\"\u001b[39m\n                        \u001b[33mname\u001b[39m=\u001b[32m\"email\"\u001b[39m\n                        \u001b[33mplaceholder\u001b[39m=\u001b[32m\"john.doe@company.com\"\u001b[39m\n                        \u001b[33mvalue\u001b[39m=\u001b[32m\"john@example.com\"\u001b[39m\n                      \u001b[36m/>\u001b[39m\n                    \u001b[36m</div>\u001b[39m\n                  \u001b[36m</div>\u001b[39m\n                  \u001b[36m<div\u001b[39m\n                    \u001b[33mdata-filled\u001b[39m=\u001b[32m\"\"\u001b[39m\n                    \u001b[33mdata-invalid\u001b[39m=\u001b[32m\"false\"\u001b[39m\n                    \u001b[33mid\u001b[39m=\u001b[32m\"employeeCode-field\"\u001b[39m\n                  \u001b[36m>\u001b[39m\n                    \u001b[36m<lab...\n    at Object.getElementError (/Users/jcmordan/code/leave-request/node_modules/.pnpm/@testing-library+dom@10.4.1/node_modules/@testing-library/dom/dist/config.js:37:19)\n    at /Users/jcmordan/code/leave-request/node_modules/.pnpm/@testing-library+dom@10.4.1/node_modules/@testing-library/dom/dist/query-helpers.js:76:38\n    at /Users/jcmordan/code/leave-request/node_modules/.pnpm/@testing-library+dom@10.4.1/node_modules/@testing-library/dom/dist/query-helpers.js:52:17\n    at /Users/jcmordan/code/leave-request/node_modules/.pnpm/@testing-library+dom@10.4.1/node_modules/@testing-library/dom/dist/query-helpers.js:95:19\n    at /Users/jcmordan/code/leave-request/frontend/src/app/[locale]/(root)/employees/sheets/EmployeeEditSheet.test.tsx:187:19\n    at runNextTicks (node:internal/process/task_queues:65:5)\n    at processTimers (node:internal/timers:538:9)\n    at file:///Users/jcmordan/code/leave-request/node_modules/.pnpm/@vitest+runner@3.2.4/node_modules/@vitest/runner/dist/chunk-hooks.js:752:20"],"meta":{}},{"ancestorTitles":["EmployeeEditSheet"],"fullName":"EmployeeEditSheet validates required fields","status":"passed","title":"validates required fields","duration":605.4507080000003,"failureMessages":[],"meta":{}}],"startTime":1776286630899,"endTime":1776286632322.4507,"status":"failed","message":"","name":"/Users/jcmordan/code/leave-request/frontend/src/app/[locale]/(root)/employees/sheets/EmployeeEditSheet.test.tsx"},{"assertionResults":[{"ancestorTitles":["CredentialsForm"],"fullName":"CredentialsForm renders with correct labels and inputs","status":"passed","title":"renders with correct labels and inputs","duration":183.8018750000001,"failureMessages":[],"meta":{}},{"ancestorTitles":["CredentialsForm"],"fullName":"CredentialsForm displays error message when provided","status":"passed","title":"displays error message when provided","duration":11.030957999999828,"failureMessages":[],"meta":{}},{"ancestorTitles":["CredentialsForm"],"fullName":"CredentialsForm disables button and shows signing in text when loading","status":"passed","title":"disables button and shows signing in text when loading","duration":110.67858299999989,"failureMessages":[],"meta":{}},{"ancestorTitles":["CredentialsForm"],"fullName":"CredentialsForm calls onSubmit with correct values","status":"passed","title":"calls onSubmit with correct values","duration":5.283457999999882,"failureMessages":[],"meta":{}}],"startTime":1776286620367,"endTime":1776286620677.2834,"status":"passed","message":"","name":"/Users/jcmordan/code/leave-request/frontend/src/app/[locale]/auth/login/components/CredentialsForm.test.tsx"},{"assertionResults":[{"ancestorTitles":["LoginCard"],"fullName":"LoginCard renders children inside the card","status":"passed","title":"renders children inside the card","duration":57.209749999999985,"failureMessages":[],"meta":{}}],"startTime":1776286634242,"endTime":1776286634299.2097,"status":"passed","message":"","name":"/Users/jcmordan/code/leave-request/frontend/src/app/[locale]/auth/login/components/LoginCard.test.tsx"},{"assertionResults":[{"ancestorTitles":["LoginCardFooter"],"fullName":"LoginCardFooter renders copyright with current year","status":"passed","title":"renders copyright with current year","duration":66.37529200000017,"failureMessages":[],"meta":{}}],"startTime":1776286634036,"endTime":1776286634102.3752,"status":"passed","message":"","name":"/Users/jcmordan/code/leave-request/frontend/src/app/[locale]/auth/login/components/LoginCardFooter.test.tsx"},{"assertionResults":[{"ancestorTitles":["LoginDivider"],"fullName":"LoginDivider renders divider with 'or' text","status":"passed","title":"renders divider with 'or' text","duration":67.23141699999996,"failureMessages":[],"meta":{}}],"startTime":1776286633698,"endTime":1776286633765.2314,"status":"passed","message":"","name":"/Users/jcmordan/code/leave-request/frontend/src/app/[locale]/auth/login/components/LoginDivider.test.tsx"},{"assertionResults":[{"ancestorTitles":["LoginHeader"],"fullName":"LoginHeader renders workspace brand name","status":"passed","title":"renders workspace brand name","duration":73.05041700000038,"failureMessages":[],"meta":{}},{"ancestorTitles":["LoginHeader"],"fullName":"LoginHeader renders contact link","status":"passed","title":"renders contact link","duration":3.7551250000001346,"failureMessages":[],"meta":{}}],"startTime":1776286633578,"endTime":1776286633655.7551,"status":"passed","message":"","name":"/Users/jcmordan/code/leave-request/frontend/src/app/[locale]/auth/login/components/LoginHeader.test.tsx"},{"assertionResults":[{"ancestorTitles":["MicrosoftSignInButton"],"fullName":"MicrosoftSignInButton renders Microsoft sign-in text","status":"passed","title":"renders Microsoft sign-in text","duration":99.69808300000022,"failureMessages":[],"meta":{}},{"ancestorTitles":["MicrosoftSignInButton"],"fullName":"MicrosoftSignInButton calls onClick when clicked","status":"passed","title":"calls onClick when clicked","duration":112.21012500000006,"failureMessages":[],"meta":{}}],"startTime":1776286631418,"endTime":1776286631630.2102,"status":"passed","message":"","name":"/Users/jcmordan/code/leave-request/frontend/src/app/[locale]/auth/login/components/MicrosoftSignInButton.test.tsx"},{"assertionResults":[{"ancestorTitles":["RequestColumns"],"fullName":"RequestColumns returns the correct number of columns","status":"passed","title":"returns the correct number of columns","duration":6.3304580000003625,"failureMessages":[],"meta":{}},{"ancestorTitles":["RequestColumns"],"fullName":"RequestColumns renders status badges correctly","status":"failed","title":"renders status badges correctly","duration":130.92129099999966,"failureMessages":["TestingLibraryElementError: Unable to find an element with the text: status_approved. This could be because the text is broken up by multiple elements. In this case, you can provide a function for your text matcher to make your matcher more flexible.\n\nIgnored nodes: comments, script, style\n\u001b[36m<body>\u001b[39m\n  \u001b[36m<div>\u001b[39m\n    \u001b[36m<div>\u001b[39m\n      \u001b[36m<div\u001b[39m\n        \u001b[33mdata-testid\u001b[39m=\u001b[32m\"status-cell\"\u001b[39m\n      \u001b[36m>\u001b[39m\n        \u001b[36m<span\u001b[39m\n          \u001b[33mclass\u001b[39m=\u001b[32m\"rounded-full border flex items-center gap-1.5 label-sm whitespace-nowrap bg-secondary-container/30 text-secondary border-secondary/20 text-[10px] font-black uppercase tracking-tighter px-3 py-1\"\u001b[39m\n        \u001b[36m>\u001b[39m\n          \u001b[0mstatus_APPROVED\u001b[0m\n        \u001b[36m</span>\u001b[39m\n      \u001b[36m</div>\u001b[39m\n      \u001b[36m<div\u001b[39m\n        \u001b[33mdata-testid\u001b[39m=\u001b[32m\"type-cell\"\u001b[39m\n      \u001b[36m>\u001b[39m\n        \u001b[36m<span\u001b[39m\n          \u001b[33mclass\u001b[39m=\u001b[32m\"px-3 py-1 bg-tertiary-fixed/30 text-primary rounded-full text-[10px] font-bold uppercase tracking-wider font-heading\"\u001b[39m\n        \u001b[36m>\u001b[39m\n          \u001b[0mVacation\u001b[0m\n        \u001b[36m</span>\u001b[39m\n      \u001b[36m</div>\u001b[39m\n      \u001b[36m<div\u001b[39m\n        \u001b[33mdata-testid\u001b[39m=\u001b[32m\"period-cell\"\u001b[39m\n      \u001b[36m>\u001b[39m\n        \u001b[36m<div\u001b[39m\n          \u001b[33mclass\u001b[39m=\u001b[32m\"flex flex-col\"\u001b[39m\n        \u001b[36m>\u001b[39m\n          \u001b[36m<p\u001b[39m\n            \u001b[33mclass\u001b[39m=\u001b[32m\"text-sm text-primary font-bold font-heading\"\u001b[39m\n          \u001b[36m>\u001b[39m\n            \u001b[0mMay 1\u001b[0m\n            \u001b[0m -\u001b[0m\n            \u001b[0m \u001b[0m\n            \u001b[0mMay 5\u001b[0m\n          \u001b[36m</p>\u001b[39m\n        \u001b[36m</div>\u001b[39m\n      \u001b[36m</div>\u001b[39m\n    \u001b[36m</div>\u001b[39m\n  \u001b[36m</div>\u001b[39m\n\u001b[36m</body>\u001b[39m\n    at Object.getElementError (/Users/jcmordan/code/leave-request/node_modules/.pnpm/@testing-library+dom@10.4.1/node_modules/@testing-library/dom/dist/config.js:37:19)\n    at /Users/jcmordan/code/leave-request/node_modules/.pnpm/@testing-library+dom@10.4.1/node_modules/@testing-library/dom/dist/query-helpers.js:76:38\n    at /Users/jcmordan/code/leave-request/node_modules/.pnpm/@testing-library+dom@10.4.1/node_modules/@testing-library/dom/dist/query-helpers.js:52:17\n    at /Users/jcmordan/code/leave-request/node_modules/.pnpm/@testing-library+dom@10.4.1/node_modules/@testing-library/dom/dist/query-helpers.js:95:19\n    at /Users/jcmordan/code/leave-request/frontend/src/app/[locale]/(root)/leave-requests/shared/components/RequestColumns.test.tsx:100:19\n    at file:///Users/jcmordan/code/leave-request/node_modules/.pnpm/@vitest+runner@3.2.4/node_modules/@vitest/runner/dist/chunk-hooks.js:155:11\n    at file:///Users/jcmordan/code/leave-request/node_modules/.pnpm/@vitest+runner@3.2.4/node_modules/@vitest/runner/dist/chunk-hooks.js:752:26\n    at file:///Users/jcmordan/code/leave-request/node_modules/.pnpm/@vitest+runner@3.2.4/node_modules/@vitest/runner/dist/chunk-hooks.js:1897:20\n    at new Promise (<anonymous>)\n    at runWithTimeout (file:///Users/jcmordan/code/leave-request/node_modules/.pnpm/@vitest+runner@3.2.4/node_modules/@vitest/runner/dist/chunk-hooks.js:1863:10)"],"meta":{}},{"ancestorTitles":["RequestColumns"],"fullName":"RequestColumns renders absence type correctly","status":"passed","title":"renders absence type correctly","duration":7.4794169999995574,"failureMessages":[],"meta":{}},{"ancestorTitles":["RequestColumns"],"fullName":
[...]
":{"start":{"line":2,"column":0},"end":{"line":2,"column":51}},"2":{"start":{"line":3,"column":0},"end":{"line":3,"column":75}},"3":{"start":{"line":4,"column":0},"end":{"line":4,"column":63}},"4":{"start":{"line":5,"column":0},"end":{"line":5,"column":39}},"5":{"start":{"line":6,"column":0},"end":{"line":6,"column":0}},"6":{"start":{"line":7,"column":0},"end":{"line":7,"column":34}},"7":{"start":{"line":8,"column":0},"end":{"line":8,"column":19}},"8":{"start":{"line":9,"column":0},"end":{"line":9,"column":15}},"9":{"start":{"line":10,"column":0},"end":{"line":10,"column":19}},"10":{"start":{"line":11,"column":0},"end":{"line":11,"column":5}},"11":{"start":{"line":12,"column":0},"end":{"line":12,"column":1}},"12":{"start":{"line":13,"column":0},"end":{"line":13,"column":0}},"13":{"start":{"line":14,"column":0},"end":{"line":14,"column":41}},"14":{"start":{"line":15,"column":0},"end":{"line":15,"column":10}},"15":{"start":{"line":16,"column":0},"end":{"line":16,"column":67}},"16":{"start":{"line":17,"column":0},"end":{"line":17,"column":83}},"17":{"start":{"line":18,"column":0},"end":{"line":18,"column":108}},"18":{"start":{"line":19,"column":0},"end":{"line":19,"column":67}},"19":{"start":{"line":20,"column":0},"end":{"line":20,"column":20}},"20":{"start":{"line":21,"column":0},"end":{"line":21,"column":12}},"21":{"start":{"line":22,"column":0},"end":{"line":22,"column":12}},"22":{"start":{"line":23,"column":0},"end":{"line":23,"column":10}},"23":{"start":{"line":24,"column":0},"end":{"line":24,"column":4}},"24":{"start":{"line":25,"column":0},"end":{"line":25,"column":2}},"25":{"start":{"line":26,"column":0},"end":{"line":26,"column":0}},"26":{"start":{"line":27,"column":0},"end":{"line":27,"column":0}},"27":{"start":{"line":28,"column":0},"end":{"line":28,"column":3}},"28":{"start":{"line":29,"column":0},"end":{"line":29,"column":37}},"29":{"start":{"line":30,"column":0},"end":{"line":30,"column":49}},"30":{"start":{"line":31,"column":0},"end":{"line":31,"column":3}},"31":{"start":{"line":32,"column":0},"end":{"line":32,"column":49}},"32":{"start":{"line":33,"column":0},"end":{"line":33,"column":9}},"33":{"start":{"line":34,"column":0},"end":{"line":34,"column":28}},"34":{"start":{"line":35,"column":0},"end":{"line":35,"column":30}},"35":{"start":{"line":36,"column":0},"end":{"line":36,"column":0}},"36":{"start":{"line":37,"column":0},"end":{"line":37,"column":12}},"37":{"start":{"line":38,"column":0},"end":{"line":38,"column":12}},"38":{"start":{"line":39,"column":0},"end":{"line":39,"column":69}},"39":{"start":{"line":40,"column":0},"end":{"line":40,"column":64}},"40":{"start":{"line":41,"column":0},"end":{"line":41,"column":70}},"41":{"start":{"line":42,"column":0},"end":{"line":42,"column":65}},"42":{"start":{"line":43,"column":0},"end":{"line":43,"column":14}},"43":{"start":{"line":44,"column":0},"end":{"line":44,"column":12}},"44":{"start":{"line":45,"column":0},"end":{"line":45,"column":6}},"45":{"start":{"line":46,"column":0},"end":{"line":46,"column":3}},"46":{"start":{"line":47,"column":0},"end":{"line":47,"column":0}},"47":{"start":{"line":48,"column":0},"end":{"line":48,"column":10}},"48":{"start":{"line":49,"column":0},"end":{"line":49,"column":70}},"49":{"start":{"line":50,"column":0},"end":{"line":50,"column":57}},"50":{"start":{"line":51,"column":0},"end":{"line":51,"column":29}},"51":{"start":{"line":52,"column":0},"end":{"line":52,"column":17}},"52":{"start":{"line":53,"column":0},"end":{"line":53,"column":19}},"53":{"start":{"line":54,"column":0},"end":{"line":54,"column":4}},"54":{"start":{"line":55,"column":0},"end":{"line":55,"column":1}}},"s":{"0":0,"1":0,"2":0,"3":0,"4":0,"5":0,"6":0,"7":0,"8":0,"9":0,"10":0,"11":0,"12":0,"13":0,"14":0,"15":0,"16":0,"17":0,"18":0,"19":0,"20":0,"21":0,"22":0,"23":0,"24":0,"25":0,"26":0,"27":0,"28":0,"29":0,"30":0,"31":0,"32":0,"33":0,"34":0,"35":0,"36":0,"37":0,"38":0,"39":0,"40":0,"41":0,"42":0,"43":0,"44":0,"45":0,"46":0,"47":0,"48":0,"49":0,"50":0,"51":0,"52":0,"53":0,"54":0},"branchMap":{"0":{"type":"branch","line":1,"loc":{"start":{"line":1,"column":0},"end":{"line":55,"column":1}},"locations":[{"start":{"line":1,"column":0},"end":{"line":55,"column":1}}]}},"b":{"0":[0]},"fnMap":{"0":{"name":"(empty-report)","decl":{"start":{"line":1,"column":0},"end":{"line":55,"column":1}},"loc":{"start":{"line":1,"column":0},"end":{"line":55,"column":1}},"line":1}},"f":{"0":0}},"/Users/jcmordan/code/leave-request/frontend/src/app/[locale]/(root)/leave-requests/all/components/AllRequestsView.tsx":{"path":"/Users/jcmordan/code/leave-request/frontend/src/app/[locale]/(root)/leave-requests/all/components/AllRequestsView.tsx","all":true,"statementMap":{"0":{"start":{"line":1,"column":0},"end":{"line":1,"column":13}},"1":{"start":{"line":2,"column":0},"end":{"line":2,"column":0}},"2":{"start":{"line":3,"column":0},"end":{"line":3,"column":56}},"3":{"start":{"line":4,"column":0},"end":{"line":4,"column":70}},"4":{"start":{"line":5,"column":0},"end":{"line":5,"column":56}},"5":{"start":{"line":6,"column":0},"end":{"line":6,"column":70}},"6":{"start":{"line":7,"column":0},"end":{"line":7,"column":50}},"7":{"start":{"line":8,"column":0},"end":{"line":8,"column":44}},"8":{"start":{"line":9,"column":0},"end":{"line":9,"column":0}},"9":{"start":{"line":10,"column":0},"end":{"line":10,"column":3}},"10":{"start":{"line":11,"column":0},"end":{"line":11,"column":35}},"11":{"start":{"line":12,"column":0},"end":{"line":12,"column":69}},"12":{"start":{"line":13,"column":0},"end":{"line":13,"column":3}},"13":{"start":{"line":14,"column":0},"end":{"line":14,"column":43}},"14":{"start":{"line":15,"column":0},"end":{"line":15,"column":41}},"15":{"start":{"line":16,"column":0},"end":{"line":16,"column":40}},"16":{"start":{"line":17,"column":0},"end":{"line":17,"column":0}},"17":{"start":{"line":18,"column":0},"end":{"line":18,"column":42}},"18":{"start":{"line":19,"column":0},"end":{"line":19,"column":44}},"19":{"start":{"line":20,"column":0},"end":{"line":20,"column":49}},"20":{"start":{"line":21,"column":0},"end":{"line":21,"column":0}},"21":{"start":{"line":22,"column":0},"end":{"line":22,"column":55}},"22":{"start":{"line":23,"column":0},"end":{"line":23,"column":48}},"23":{"start":{"line":24,"column":0},"end":{"line":24,"column":3}},"24":{"start":{"line":25,"column":0},"end":{"line":25,"column":51}},"25":{"start":{"line":26,"column":0},"end":{"line":26,"column":16}},"26":{"start":{"line":27,"column":0},"end":{"line":27,"column":0}},"27":{"start":{"line":28,"column":0},"end":{"line":28,"column":23}},"28":{"start":{"line":29,"column":0},"end":{"line":29,"column":26}},"29":{"start":{"line":30,"column":0},"end":{"line":30,"column":41}},"30":{"start":{"line":31,"column":0},"end":{"line":31,"column":62}},"31":{"start":{"line":32,"column":0},"end":{"line":32,"column":0}},"32":{"start":{"line":33,"column":0},"end":{"line":33,"column":57}},"33":{"start":{"line":34,"column":0},"end":{"line":34,"column":14}},"34":{"start":{"line":35,"column":0},"end":{"line":35,"column":5}},"35":{"start":{"line":36,"column":0},"end":{"line":36,"column":0}},"36":{"start":{"line":37,"column":0},"end":{"line":37,"column":68}},"37":{"start":{"line":38,"column":0},"end":{"line":38,"column":54}},"38":{"start":{"line":39,"column":0},"end":{"line":39,"column":0}},"39":{"start":{"line":40,"column":0},"end":{"line":40,"column":10}},"40":{"start":{"line":41,"column":0},"end":{"line":41,"column":79}},"41":{"start":{"line":42,"column":0},"end":{"line":42,"column":28}},"42":{"start":{"line":43,"column":0},"end":{"line":43,"column":90}},"43":{"start":{"line":44,"column":0},"end":{"line":44,"column":33}},"44":{"start":{"line":45,"column":0},"end":{"line":45,"column":13}},"45":{"start":{"line":46,"column":0},"end":{"line":46,"column":90}},"46":{"start":{"line":47,"column":0},"end":{"line":47,"column":12}},"47":{"start":{"line":48,"column":0},"end":{"line":48,"column":0}},"48":{"start":{"line":49,"column":0},"end":{"line":49,"column":33}},"49":{"start":{"line":50,"column":0},"end":{"line":50,"column":23}},"50":{"start":{"line":51,"column":0},"end":{"line":51,"column":53}},"51":{"start":{"line":52,"column":0},"end":{"line":52,"column":24}},"52":{"start":{"line":53,"column":0},"end":{"line":53,"column":10}},"53":{"start":{"line":54,"column":0},"end":{"line":54,"column":12}},"54":{"start":{"line":55,"column":0},"end":{"line":55,"column":10}},"55":{"start":{"line":56,"column":0},"end":{"line":56,"column":4}},"56":{"start":{"line":57,"column":0},"end":{"line":57,"column":1}}},"s":{"0":0,"1":0,"2":0,"3":0,"4":0,"5":0,"6":0,"7":0,"8":0,"9":0,"10":0,"11":0,"12":0,"13":0,"14":0,"15":0,"16":0,"17":0,"18":0,"19":0,"20":0,"21":0,"22":0,"23":0,"24":0,"25":0,"26":0,"27":0,"28":0,"29":0,"30":0,"31":0,"32":0,"33":0,"34":0,"35":0,"36":0,"37":0,"38":0,"39":0,"40":0,"41":0,"42":0,"43":0,"44":0,"45":0,"46":0,"47":0,"48":0,"49":0,"50":0,"51":0,"52":0,"53":0,"54":0,"55":0,"56":0},"branchMap":{"0":{"type":"branch","line":1,"loc":{"start":{"line":1,"column":0},"end":{"line":57,"column":1}},"locations":[{"start":{"line":1,"column":0},"end":{"line":57,"column":1}}]}},"b":{"0":[0]},"fnMap":{"0":{"name":"(empty-report)","decl":{"start":{"line":1,"column":0},"end":{"line":57,"column":1}},"loc":{"start":{"line":1,"column":0},"end":{"line":57,"column":1}},"line":1}},"f":{"0":0}},"/Users/jcmordan/code/leave-request/frontend/src/app/[locale]/(root)/leave-requests/all/[id]/page.tsx":{"path":"/Users/jcmordan/code/leave-request/frontend/src/app/[locale]/(root)/leave-requests/all/[id]/page.tsx","all":true,"statementMap":{"0":{"start":{"line":1,"column":0},"end":{"line":1,"column":33}},"1":{"start":{"line":2,"column":0},"end":{"line":2,"column":51}},"2":{"start":{"line":3,"column":0},"end":{"line":3,"column":87}},"3":{"start":{"line":4,"column":0},"end":{"line":4,"column":75}},"4":{"start":{"line":5,"column":0},"end":{"line":5,"column":39}},"5":{"start":{"line":6,"column":0},"end":{"line":6,"column":0}},"6":{"start":{"line":7,"column":0},"end":{"line":7,"column":36}},"7":{"start":{"line":8,"column":0},"end":{"line":8,"column":19}},"8":{"start":{"line":9,"column":0},"end":{"line":9,"column":15}},"9":{"start":{"line":10,"column":0},"end":{"line":10,"column":19}},"10":{"start":{"line":11,"column":0},"end":{"line":11,"column":5}},"11":{"start":{"line":12,"column":0},"end":{"line":12,"column":1}},"12":{"start":{"line":13,"column":0},"end":{"line":13,"column":0}},"13":{"start":{"line":14,"column":0},"end":{"line":14,"column":41}},"14":{"start":{"line":15,"column":0},"end":{"line":15,"column":10}},"15":{"start":{"line":16,"column":0},"end":{"line":16,"column":67}},"16":{"start":{"line":17,"column":0},"end":{"line":17,"column":83}},"17":{"start":{"line":18,"column":0},"end":{"line":18,"column":108}},"18":{"start":{"line":19,"column":0},"end":{"line":19,"column":67}},"19":{"start":{"line":20,"column":0},"end":{"line":20,"column":20}},"20":{"start":{"line":21,"column":0},"end":{"line":21,"column":12}},"21":{"start":{"line":22,"column":0},"end":{"line":22,"column":12}},"22":{"start":{"line":23,"column":0},"end":{"line":23,"column":10}},"23":{"start":{"line":24,"column":0},"end":{"line":24,"column":4}},"24":{"start":{"line":25,"column":0},"end":{"line":25,"column":2}},"25":{"start":{"line":26,"column":0},"end":{"line":26,"column":0}},"26":{"start":{"line":27,"column":0},"end":{"line":27,"column":51}},"27":{"start":{"line":28,"column":0},"end":{"line":28,"column":9}},"28":{"start":{"line":29,"column":0},"end":{"line":29,"column":30}},"29":{"start":{"line":30,"column":0},"end":{"line":30,"column":30}},"30":{"start":{"line":31,"column":0},"end":{"line":31,"column":0}},"31":{"start":{"line":32,"column":0},"end":{"line":32,"column":12}},"32":{"start":{"line":33,"column":0},"end":{"line":33,"column":12}},"33":{"start":{"line":34,"column":0},"end":{"line":34,"column":69}},"34":{"start":{"line":35,"column":0},"end":{"line":35,"column":64}},"35":{"start":{"line":36,"column":0},"end":{"line":36,"column":70}},"36":{"start":{"line":37,"column":0},"end":{"line":37,"column":65}},"37":{"start":{"line":38,"column":0},"end":{"line":38,"column":14}},"38":{"start":{"line":39,"column":0},"end":{"line":39,"column":12}},"39":{"start":{"line":40,"column":0},"end":{"line":40,"column":6}},"40":{"start":{"line":41,"column":0},"end":{"line":41,"column":3}},"41":{"start":{"line":42,"column":0},"end":{"line":42,"column":0}},"42":{"start":{"line":43,"column":0},"end":{"line":43,"column":10}},"43":{"start":{"line":44,"column":0},"end":{"line":44,"column":70}},"44":{"start":{"line":45,"column":0},"end":{"line":45,"column":57}},"45":{"start":{"line":46,"column":0},"end":{"line":46,"column":29}},"46":{"start":{"line":47,"column":0},"end":{"line":47,"column":17}},"47":{"start":{"line":48,"column":0},"end":{"line":48,"column":19}},"48":{"start":{"line":49,"column":0},"end":{"line":49,"column":4}},"49":{"start":{"line":50,"column":0},"end":{"line":50,"column":1}}},"s":{"0":0,"1":0,"2":0,"3":0,"4":0,"5":0,"6":0,"7":0,"8":0,"9":0,"10":0,"11":0,"12":0,"13":0,"14":0,"15":0,"16":0,"17":0,"18":0,"19":0,"20":0,"21":0,"22":0,"23":0,"24":0,"25":0,"26":0,"27":0,"28":0,"29":0,"30":0,"31":0,"32":0,"33":0,"34":0,"35":0,"36":0,"37":0,"38":0,"39":0,"40":0,"41":0,"42":0,"43":0,"44":0,"45":0,"46":0,"47":0,"48":0,"49":0},"branchMap":{"0":{"type":"branch","line":1,"loc":{"start":{"line":1,"column":0},"end":{"line":50,"column":1}},"locations":[{"start":{"line":1,"column":0},"end":{"line":50,"column":1}}]}},"b":{"0":[0]},"fnMap":{"0":{"name":"(empty-report)","decl":{"start":{"line":1,"column":0},"end":{"line":50,"column":1}},"loc":{"start":{"line":1,"column":0},"end":{"line":50,"column":1}},"line":1}},"f":{"0":0}},"/Users/jcmordan/code/leave-request/frontend/src/app/[locale]/(root)/leave-requests/approvals/[id]/components/ApprovalView.tsx":{"path":"/Users/jcmordan/code/leave-request/frontend/src/app/[locale]/(root)/leave-requests/approvals/[id]/components/ApprovalView.tsx","all":true,"statementMap":{"0":{"start":{"line":1,"column":0},"end":{"line":1,"column":13}},"1":{"start":{"line":2,"column":0},"end":{"line":2,"column":0}},"2":{"start":{"line":3,"column":0},"end":{"line":3,"column":44}},"3":{"start":{"line":4,"column":0},"end":{"line":4,"column":56}},"4":{"start":{"line":5,"column":0},"end":{"line":5,"column":71}},"5":{"start":{"line":6,"column":0},"end":{"line":6,"column":39}},"6":{"start":{"line":7,"column":0},"end":{"line":7,"column":44}},"7":{"start":{"line":8,"column":0},"end":{"line":8,"column":50}},"8":{"start":{"line":9,"column":0},"end":{"line":9,"column":58}},"9":{"start":{"line":10,"column":0},"end":{"line":10,"column":70}},"10":{"start":{"line":11,"column":0},"end":{"line":11,"column":58}},"11":{"start":{"line":12,"column":0},"end":{"line":12,"column":54}},"12":{"start":{"line":13,"column":0},"end":{"line":13,"column":54}},"13":{"start":{"line":14,"column":0},"end":{"line":14,"column":62}},"14":{"start":{"line":15,"column":0},"end":{"line":15,"column":64}},"15":{"start":{"line":16,"column":0},"end":{"line":16,"column":56}},"16":{"start":{"line":17,"column":0},"end":{"line":17,"column":0}},"17":{"start":{"line":18,"column":0},"end":{"line":18,"column":3}},"18":{"start":{"line":19,"column":0},"end":{"line":19,"column":32}},"19":{"start":{"line":20,"column":0},"end":{"line":20,"column":65}},"20":{"start":{"line":21,"column":0},"end":{"line":21,"column":3}},"21":{"start":{"line":22,"column":0},"end":{"line":22,"column":40}},"22":{"start":{"line":23,"column":0},"end":{"line":23,"column":45}},"23":{"start":{"line":24,"column":0},"end":{"line":24,"column":40}},"24":{"start":{"line":25,"column":0},"end":{"line":25,"column":0}},"25":{"start":{"line":26,"column":0},"end":{"line":26,"column":64}},"26":{"start":{"line":27,"column":0},"end":{"line":27,"column":22}},"27":{"start":{"line":28,"column":0},"end":{"line":28,"column":5}},"28":{"start":{"line":29,"column":0},"end":{"line":29,"column":0}},"29":{"start":{"line":30,"column":0},"end":{"line":30,"column":32}},"30":{"start":{"line":31,"column":0},"end":{"line":31,"column":0}},"31":{"start":{"line":32,"column":0},"end":{"line":32,"column":17}},"32":{"start":{"line":33,"column":0},"end":{"line":33,"column":12}},"33":{"start":{"line":34,"column":0},"end":{"line":34,"column":69}},"34":{"start":{"line":35,"column":0},"end":{"line":35,"column":64}},"35":{"start":{"line":36,"column":0},"end":{"line":36,"column":70}},"36":{"start":{"line":37,"column":0},"end":{"line":37,"column":62}},"37":{"start":{"line":38,"column":0},"end":{"line":38,"column":14}},"38":{"start":{"line":39,"column":0},"end":{"line":39,"column":12}},"39":{"start":{"line":40,"column":0},"end":{"line":40,"column":6}},"40":{"start":{"line":41,"column":0},"end":{"line":41,"column":3}},"41":{"start":{"line":42,"column":0},"end":{"line":42,"column":0}},"42":{"start":{"line":43,"column":0},"end":{"line":43,"column":10}},"43":{"start":{"line":44,"column":0},"end":{"line":44,"column":92}},"44":{"start":{"line":45,"column":0},"end":{"line":45,"column":59}},"45":{"start":{"line":46,"column":0},"end":{"line":46,"column":45}},"46":{"start":{"line":47,"column":0},"end":{"line":47,"column":0}},"47":{"start":{"line":48,"column":0},"end":{"line":48,"column":31}},"48":{"start":{"line":49,"column":0},"end":{"line":49,"column":61}},"49":{"start":{"line":50,"column":0},"end":{"line":50,"column":53}},"50":{"start":{"line":51,"column":0},"end":{"line":51,"column":49}},"51":{"start":{"line":52,"column":0},"end":{"line":52,"column":53}},"52":{"start":{"line":53,"column":0},"end":{"line":53,"column":59}},"53":{"start":{"line":54,"column":0},"end":{"line":54,"column":56}},"54":{"start":{"line":55,"column":0},"end":{"line":55,"column":56}},"55":{"start":{"line":56,"column":0},"end":{"line":56,"column":31}},"56":{"start":{"line":57,"column":0},"end":{"line":57,"column":36}},"57":{"start":{"line":58,"column":0},"end":{"line":58,"column":37}},"58":{"start":{"line":59,"column":0},"end":{"line":59,"column":14}},"59":{"start":{"line":60,"column":0},"end":{"line":60,"column":12}},"60":{"start":{"line":61,"column":0},"end":{"line":61,"column":14}},"61":{"start":{"line":62,"column":0},"end":{"line":62,"column":0}},"62":{"start":{"line":63,"column":0},"end":{"line":63,"column":38}},"63":{"start":{"line":64,"column":0},"end":{"line":64,"column":35}},"64":{"start":{"line":65,"column":0},"end":{"line":65,"column":36}},"65":{"start":{"line":66,"column":0},"end":{"line":66,"column":14}},"66":{"start":{"line":67,"column":0},"end":{"line":67,"column":76}},"67":{"start":{"line":68,"column":0},"end":{"line":68,"column":76}},"68":{"start":{"line":69,"column":0},"end":{"line":69,"column":15}},"69":{"start":{"line":70,"column":0},"end":{"line":70,"column":12}},"70":{"start":{"line":71,"column":0},"end":{"line":71,"column":55}},"71":{"start":{"line":72,"column":0},"end":{"line":72,"column":14}},"72":{"start":{"line":73,"column":0},"end":{"line":73,"column":12}},"73":{"start":{"line":74,"column":0},"end":{"line":74,"column":10}},"74":{"start":{"line":75,"column":0},"end":{"line":75,"column":4}},"75":{"start":{"line":76,"column":0},"end":{"line":76,"column":1}}},"s":{"0":0,"1":0,"2":0,"3":0,"4":0,"5":0,"6":0,"7":0,"8":0,"9":0,"10":0,"11":0,"12":0,"13":0,"14":0,"15":0,"16":0,"17":0,"18":0,"19":0,"20":0,"21":0,"22":0,"23":0,"24":0,"25":0,"26":0,"27":0,"28":0,"29":0,"30":0,"31":0,"32":0,"33":0,"34":0,"35":0,"36":0,"37":0,"38":0,"39":0,"40":0,"41":0,"42":0,"43":0,"44":0,"45":0,"46":0,"47":0,"48":0,"49":0,"50":0,"51":0,"52":0,"53":0,"54":0,"55":0,"56":0,"57":0,"58":0,"59":0,"60":0,"61":0,"62":0,"63":0,"64":0,"65":0,"66":0,"67":0,"68":0,"69":0,"70":0,"71":0,"72":0,"73":0,"74":0,"75":0},"branchMap":{"0":{"type":"branch","line":1,"loc":{"start":{"line":1,"column":0},"end":{"line":76,"column":1}},"locations":[{"start":{"line":1,"column":0},"end":{"line":76,"column":1}}]}},"b":{"0":[0]},"fnMap":{"0":{"name":"(empty-report)","decl":{"start":{"line":1,"column":0},"end":{"line":76,"column":1}},"loc":{"start":{"line":1,"column":0},"end":{"line":76,"column":1}},"line":1}},"f":{"0":0}}}}