{"numTotalTestSuites":191,"numPassedTestSuites":186,"numFailedTestSuites":5,"numPendingTestSuites":0,"numTotalTests":374,"numPassedTests":367,"numFailedTests":7,"numPendingTests":0,"numTodoTests":0,"snapshot":{"added":0,"failure":false,"filesAdded":0,"filesRemoved":0,"filesRemovedList":[],"filesUnmatched":0,"filesUpdated":0,"matched":0,"total":0,"unchecked":0,"uncheckedKeysByFile":[],"unmatched":0,"updated":0,"didUpdate":false},"startTime":1776291678634,"success":false,"testResults":[{"assertionResults":[{"ancestorTitles":["useIsMobile"],"fullName":"useIsMobile returns false for desktop viewport","status":"passed","title":"returns false for desktop viewport","duration":28.43095799999992,"failureMessages":[],"meta":{}},{"ancestorTitles":["useIsMobile"],"fullName":"useIsMobile returns true for mobile viewport","status":"passed","title":"returns true for mobile viewport","duration":7.348083000000088,"failureMessages":[],"meta":{}},{"ancestorTitles":["useIsMobile"],"fullName":"useIsMobile updates when viewport changes","status":"passed","title":"updates when viewport changes","duration":2.746541999999863,"failureMessages":[],"meta":{}}],"startTime":1776291690717,"endTime":1776291690755.7466,"status":"passed","message":"","name":"/Users/jcmordan/code/leave-request/frontend/src/hooks/use-mobile.test.ts"},{"assertionResults":[{"ancestorTitles":["useDebouncedAsyncValidation"],"fullName":"useDebouncedAsyncValidation returns a function","status":"passed","title":"returns a function","duration":28.847499999999854,"failureMessages":[],"meta":{}},{"ancestorTitles":["useDebouncedAsyncValidation"],"fullName":"useDebouncedAsyncValidation resolves with validation result when impl returns true","status":"passed","title":"resolves with validation result when impl returns true","duration":6.248082999999951,"failureMessages":[],"meta":{}},{"ancestorTitles":["useDebouncedAsyncValidation"],"fullName":"useDebouncedAsyncValidation resolves with error message when impl returns a string","status":"passed","title":"resolves with error message when impl returns a string","duration":2.6663750000000164,"failureMessages":[],"meta":{}},{"ancestorTitles":["useDebouncedAsyncValidation"],"fullName":"useDebouncedAsyncValidation cancels previous pending validation by resolving it as true","status":"passed","title":"cancels previous pending validation by resolving it as true","duration":3.6555829999999787,"failureMessages":[],"meta":{}},{"ancestorTitles":["useDebouncedAsyncValidation"],"fullName":"useDebouncedAsyncValidation passes arguments to the implementation","status":"passed","title":"passes arguments to the implementation","duration":10.114291999999978,"failureMessages":[],"meta":{}}],"startTime":1776291690485,"endTime":1776291690537.1143,"status":"passed","message":"","name":"/Users/jcmordan/code/leave-request/frontend/src/hooks/useDebouncedAsyncValidation.test.ts"},{"assertionResults":[{"ancestorTitles":["usePaginatedQuery"],"fullName":"usePaginatedQuery returns data from useQuery","status":"passed","title":"returns data from useQuery","duration":34.956957999999986,"failureMessages":[],"meta":{}},{"ancestorTitles":["usePaginatedQuery"],"fullName":"usePaginatedQuery returns pageInfo extracted via getPageInfo","status":"passed","title":"returns pageInfo extracted via getPageInfo","duration":2.050375000000031,"failureMessages":[],"meta":{}},{"ancestorTitles":["usePaginatedQuery"],"fullName":"usePaginatedQuery uses default pageSize of 10","status":"passed","title":"uses default pageSize of 10","duration":18.269999999999982,"failureMessages":[],"meta":{}},{"ancestorTitles":["usePaginatedQuery"],"fullName":"usePaginatedQuery uses custom pageSize","status":"passed","title":"uses custom pageSize","duration":2.1354169999999613,"failureMessages":[],"meta":{}},{"ancestorTitles":["usePaginatedQuery"],"fullName":"usePaginatedQuery merges base variables with pagination variables","status":"passed","title":"merges base variables with pagination variables","duration":1.850500000000011,"failureMessages":[],"meta":{}},{"ancestorTitles":["usePaginatedQuery"],"fullName":"usePaginatedQuery nextPage sets after cursor and clears before","status":"passed","title":"nextPage sets after cursor and clears before","duration":9.607750000000124,"failureMessages":[],"meta":{}},{"ancestorTitles":["usePaginatedQuery"],"fullName":"usePaginatedQuery previousPage sets before cursor and clears after","status":"passed","title":"previousPage sets before cursor and clears after","duration":5.708290999999917,"failureMessages":[],"meta":{}},{"ancestorTitles":["usePaginatedQuery"],"fullName":"usePaginatedQuery nextPage does nothing when endCursor is null","status":"passed","title":"nextPage does nothing when endCursor is null","duration":1.578125,"failureMessages":[],"meta":{}},{"ancestorTitles":["usePaginatedQuery"],"fullName":"usePaginatedQuery previousPage does nothing when startCursor is null","status":"passed","title":"previousPage does nothing when startCursor is null","duration":1.0457910000000084,"failureMessages":[],"meta":{}},{"ancestorTitles":["usePaginatedQuery"],"fullName":"usePaginatedQuery hydrates cache with initialData on first page","status":"passed","title":"hydrates cache with initialData on first page","duration":1.516791000000012,"failureMessages":[],"meta":{}},{"ancestorTitles":["usePaginatedQuery"],"fullName":"usePaginatedQuery does not hydrate cache when data already exists","status":"passed","title":"does not hydrate cache when data already exists","duration":0.9116670000000795,"failureMessages":[],"meta":{}},{"ancestorTitles":["usePaginatedQuery"],"fullName":"usePaginatedQuery returns undefined data when query returns no data","status":"passed","title":"returns undefined data when query returns no data","duration":0.6926249999999072,"failureMessages":[],"meta":{}},{"ancestorTitles":["usePaginatedQuery"],"fullName":"usePaginatedQuery exposes refetch from useQuery","status":"passed","title":"exposes refetch from useQuery","duration":4.1159999999999854,"failureMessages":[],"meta":{}},{"ancestorTitles":["usePaginatedQuery"],"fullName":"usePaginatedQuery uses cache-and-network as default fetchPolicy","status":"passed","title":"uses cache-and-network as default fetchPolicy","duration":0.9562919999998485,"failureMessages":[],"meta":{}},{"ancestorTitles":["usePaginatedQuery"],"fullName":"usePaginatedQuery uses custom fetchPolicy when provided","status":"passed","title":"uses custom fetchPolicy when provided","duration":0.8053750000001401,"failureMessages":[],"meta":{}}],"startTime":1776291687143,"endTime":1776291687229.8054,"status":"passed","message":"","name":"/Users/jcmordan/code/leave-request/frontend/src/hooks/usePaginatedQuery.test.ts"},{"assertionResults":[{"ancestorTitles":["usePermissions","hasPermission"],"fullName":"usePermissions hasPermission returns true for exact match (case-insensitive)","status":"passed","title":"returns true for exact match (case-insensitive)","duration":79.35162500000001,"failureMessages":[],"meta":{}},{"ancestorTitles":["usePermissions","hasPermission"],"fullName":"usePermissions hasPermission returns false for non-existent permission","status":"passed","title":"returns false for non-existent permission","duration":7.422833999999966,"failureMessages":[],"meta":{}},{"ancestorTitles":["usePermissions","hasPermission"],"fullName":"usePermissions hasPermission returns false for empty string","status":"passed","title":"returns false for empty string","duration":6.477665999999999,"failureMessages":[],"meta":{}},{"ancestorTitles":["usePermissions","hasPermission"],"fullName":"usePermissions hasPermission returns false when permissions array is empty","status":"passed","title":"returns false when permissions array is empty","duration":22.103415999999925,"failureMessages":[],"meta":{}},{"ancestorTitles":["usePermissions","hasModulePermission"],"fullName":"usePermissions hasModulePermission returns true when module matches prefix pattern","status":"passed","title":"returns true when module matches prefix pattern","duration":12.098500000000058,"failureMessages":[],"meta":{}},{"ancestorTitles":["usePermissions","hasModulePermission"],"fullName":"usePermissions hasModulePermission returns true when module matches exact micro-erp pattern","status":"passed","title":"returns true when module matches exact micro-erp pattern","duration":1.2632919999998649,"failureMessages":[],"meta":{}},{"ancestorTitles":["usePermissions","hasModulePermission"],"fullName":"usePermissions hasModulePermission returns true when module matches as segment (case-insensitive)","status":"passed","title":"returns true when module matches as segment (case-insensitive)","duration":0.86587499999996,"failureMessages":[],"meta":{}},{"ancestorTitles":["usePermissions","hasModulePermission"],"fullName":"usePermissions hasModulePermission returns false for non-existent module","status":"passed","title":"returns false for non-existent module","duration":0.8321670000000267,"failureMessages":[],"meta":{}},{"ancestorTitles":["usePermissions","hasModulePermission"],"fullName":"usePermissions hasModulePermission returns false for empty string","status":"passed","title":"returns false for empty string","duration":0.933875000000171,"failureMessages":[],"meta":{}},{"ancestorTitles":["usePermissions","hasModulePermission"],"fullName":"usePermissions hasModulePermission returns false when permissions array is empty","status":"passed","title":"returns false when permissions array is empty","duration":1.01175000000012,"failureMessages":[],"meta":{}},{"ancestorTitles":["usePermissions","hasModule"],"fullName":"usePermissions hasModule returns true when module exists in modules list and has permission","status":"passed","title":"returns true when module exists in modules list and has permission","duration":2.004916000000321,"failureMessages":[],"meta":{}},{"ancestorTitles":["usePermissions","hasModule"],"fullName":"usePermissions hasModule returns false when module exists in list but no permission","status":"passed","title":"returns false when module exists in list but no permission","duration":2.3408329999997477,"failureMessages":[],"meta":{}},{"ancestorTitles":["usePermissions","hasModule"],"fullName":"usePermissions hasModule returns false when module has permission but not in modules list","status":"passed","title":"returns false when module has permission but not in modules list","duration":2.281459000000268,"failureMessages":[],"meta":{}},{"ancestorTitles":["usePermissions","hasModule"],"fullName":"usePermissions hasModule returns false for empty string","status":"passed","title":"returns false for empty string","duration":1.5960000000000036,"failureMessages":[],"meta":{}},{"ancestorTitles":["usePermissions","returned state"],"fullName":"usePermissions returned state returns permissions, modules, loading and error from context","status":"passed","title":"returns permissions, modules, loading and error from context","duration":1.5974999999998545,"failureMessages":[],"meta":{}}],"startTime":1776291688702,"endTime":1776291688845.5974,"status":"passed","message":"","name":"/Users/jcmordan/code/leave-request/frontend/src/hooks/usePermissions.test.ts"},{"assertionResults":[{"ancestorTitles":["usePreloadedQuery"],"fullName":"usePreloadedQuery is an alias for useSuspenseQuery","status":"passed","title":"is an alias for useSuspenseQuery","duration":1.432457999999997,"failureMessages":[],"meta":{}}],"startTime":1776291691456,"endTime":1776291691457.4324,"status":"passed","message":"","name":"/Users/jcmordan/code/leave-request/frontend/src/hooks/usePreloadedQuery.test.ts"},{"assertionResults":[{"ancestorTitles":["useServerSideSearch"],"fullName":"useServerSideSearch initializes with empty options and loading false","status":"passed","title":"initializes with empty options and loading false","duration":18.889541999999892,"failureMessages":[],"meta":{}},{"ancestorTitles":["useServerSideSearch"],"fullName":"useServerSideSearch does not trigger search if searchTerm length is less than minSearchLength","status":"passed","title":"does not trigger search if searchTerm length is less than minSearchLength","duration":9.27045800000019,"failureMessages":[],"meta":{}},{"ancestorTitles":["useServerSideSearch"],"fullName":"useServerSideSearch triggers search if searchTerm length is >= minSearchLength","status":"passed","title":"triggers search if searchTerm length is >= minSearchLength","duration":3.9685420000000704,"failureMessages":[],"meta":{}},{"ancestorTitles":["useServerSideSearch"],"fullName":"useServerSideSearch clears options if search term is cleared (shorter than minLength)","status":"passed","title":"clears options if search term is cleared (shorter than minLength)","duration":6.372041999999965,"failureMessages":[],"meta":{}},{"ancestorTitles":["useServerSideSearch"],"fullName":"useServerSideSearch handles search errors by clearing options","status":"passed","title":"handles search errors by clearing options","duration":12.059458999999833,"failureMessages":[],"meta":{}},{"ancestorTitles":["useServerSideSearch"],"fullName":"useServerSideSearch triggers initial search if autoTrigger is true","status":"passed","title":"triggers initial search if autoTrigger is true","duration":6.796291999999994,"failureMessages":[],"meta":{}},{"ancestorTitles":["useServerSideSearch"],"fullName":"useServerSideSearch clears options manually when clearOptions is called","status":"passed","title":"clears options manually when clearOptions is called","duration":5.613250000000107,"failureMessages":[],"meta":{}}],"startTime":1776291686642,"endTime":1776291686704.6133,"status":"passed","message":"","name":"/Users/jcmordan/code/leave-request/frontend/src/hooks/useServerSideSearch.test.ts"},{"assertionResults":[{"ancestorTitles":["useSessionKeepAlive"],"fullName":"useSessionKeepAlive sets up and cleans up visibilitychange listener","status":"passed","title":"sets up and cleans up visibilitychange listener","duration":18.476625000000013,"failureMessages":[],"meta":{}},{"ancestorTitles":["useSessionKeepAlive"],"fullName":"useSessionKeepAlive does nothing when session has no token","status":"passed","title":"does nothing when session has no token","duration":2.773292000000083,"failureMessages":[],"meta":{}},{"ancestorTitles":["useSessionKeepAlive"],"fullName":"useSessionKeepAlive does nothing when session has no expires","status":"passed","title":"does nothing when session has no expires","duration":3.868540999999823,"failureMessages":[],"meta":{}},{"ancestorTitles":["useSessionKeepAlive"],"fullName":"useSessionKeepAlive calls update on mount via route change effect (initial refresh)","status":"passed","title":"calls update on mount via route change effect (initial refresh)","duration":2.606166999999914,"failureMessages":[],"meta":{}},{"ancestorTitles":["useSessionKeepAlive"],"fullName":"useSessionKeepAlive schedules timeout-based refresh for token not near expiry","status":"passed","title":"schedules timeout-based refresh for token not near expiry","duration":2.493624999999838,"failureMessages":[],"meta":{}},{"ancestorTitles":["useSessionKeepAlive"],"fullName":"useSessionKeepAlive calls update when scheduled timeout fires","status":"passed","title":"calls update when scheduled timeout fires","duration":4.360291999999845,"failureMessages":[],"meta":{}},{"ancestorTitles":["useSessionKeepAlive"],"fullName":"useSessionKeepAlive sets up periodic interval after initial timeout refresh","status":"passed","title":"sets up periodic interval after initial timeout refresh","duration":4.627707999999984,"failureMessages":[],"meta":{}},{"ancestorTitles":["useSessionKeepAlive"],"fullName":"useSessionKeepAlive refreshes immediately when token is near expiry","status":"passed","title":"refreshes immediately when token is near expiry","duration":2.569415999999819,"failureMessages":[],"meta":{}},{"ancestorTitles":["useSessionKeepAlive"],"fullName":"useSessionKeepAlive sets up interval after immediate refresh for near-expiry token","status":"passed","title":"sets up interval after immediate refresh for near-expiry token","duration":9.83783399999993,"failureMessages":[],"meta":{}},{"ancestorTitles":["useSessionKeepAlive"],"fullName":"useSessionKeepAlive does not call update when tab is hidden","status":"passed","title":"does not call update when tab is hidden","duration":1.7761249999998654,"failureMessages":[],"meta":{}},{"ancestorTitles":["useSessionKeepAlive"],"fullName":"useSessionKeepAlive enforces MIN_REFRESH_INTERVAL between refreshes","status":"passed","title":"enforces MIN_REFRESH_INTERVAL between refreshes","duration":2.403542000000016,"failureMessages":[],"meta":{}},{"ancestorTitles":["useSessionKeepAlive"],"fullName":"useSessionKeepAlive clears timeout when visibility changes to hidden","status":"passed","title":"clears timeout when visibility changes to hidden","duration":3.028291999999965,"failureMessages":[],"meta":{}},{"ancestorTitles":["useSessionKeepAlive"],"fullName":"useSessionKeepAlive clears interval when visibility changes to hidden","status":"passed","title":"clears interval when visibility changes to hidden","duration":2.0953329999999823,"failureMessages":[],"meta":{}},{"ancestorTitles":["useSessionKeepAlive"],"fullName":"useSessionKeepAlive restarts refresh interval when tab becomes visible again","status":"passed","title":"restarts refresh interval when tab becomes visible again","duration":2.627917000000025,"failureMessages":[],"meta":{}},{"ancestorTitles":["useSessionKeepAlive"],"fullName":"useSessionKeepAlive handles update() error gracefully during scheduled refresh","status":"passed","title":"handles update() error gracefully during scheduled refresh","duration":2.5909999999998945,"failureMessages":[],"meta":{}},{"ancestorTitles":["useSessionKeepAlive"],"fullName":"useSessionKeepAlive handles setupRefreshInterval error on visibility change","status":"passed","title":"handles setupRefreshInterval error on visibility change","duration":2.2557909999998174,"failureMessages":[],"meta":{}},{"ancestorTitles":["useSessionKeepAlive"],"fullName":"useSessionKeepAlive clears existing timeout inside setupRefreshInterval when re-invoked","status":"passed","title":"clears existing timeout inside setupRefreshInterval when re-invoked","duration":2.907375000000002,"failureMessages":[],"meta":{}},{"ancestorTitles":["useSessionKeepAlive"],"fullName":"useSessionKeepAlive clears existing interval inside setupRefreshInterval when re-invoked","status":"passed","title":"clears existing interval inside setupRefreshInterval when re-invoked","duration":3.437833999999839,"failureMessages":[],"meta":{}},{"ancestorTitles":["useSessionKeepAlive","route change effect"],"fullName":"useSessionKeepAlive route change effect calls update on route change when enough time has passed","status":"passed","title":"calls update on route change when enough time has passed","duration":3.934082999999873,"failureMessages":[],"meta":{}},{"ancestorTitles":["useSessionKeepAlive","route change effect"],"fullName":"useSessionKeepAlive route change effect calls update with new pathname rerender","status":"passed","title":"calls update with new pathname rerender","duration":1.6912089999998443,"failureMessages":[],"meta":{}},{"ancestorTitles":["useSessionKeepAlive","route change effect"],"fullName":"useSessionKeepAlive route change effect skips route change refresh when tab is hidden","status":"passed","title":"skips route change refresh when tab is hidden","duration":1.0446249999999964,"failureMessages":[],"meta":{}},{"ancestorTitles":["useSessionKeepAlive","route change effect"],"fullName":"useSessionKeepAlive route change effect skips route change refresh when within MIN_REFRESH_INTERVAL","status":"passed","title":"skips route change refresh when within MIN_REFRESH_INTERVAL","duration":0.9131669999999303,"failureMessages":[],"meta":{}},{"ancestorTitles":["useSessionKeepAlive","route change effect"],"fullName":"useSessionKeepAlive route change effect handles update() error on route change gracefully","status":"passed","title":"handles update() error on route change gracefully","duration":0.9136250000001382,"failureMessages":[],"meta":{}},{"ancestorTitles":["useSessionKeepAlive","route change effect"],"fullName":"useSessionKeepAlive route change effect does not call update on route change when session is null","status":"passed","title":"does not call update on route change when session is null","duration":1.490624999999909,"failureMessages":[],"meta":{}}],"startTime":1776291680410,"endTime":1776291680496.4907,"status":"passed","message":"","name":"/Users/jcmordan/code/leave-request/frontend/src/hooks/useSessionKeepAlive.test.ts"},{"assertionResults":[{"ancestorTitles":["useUrlPagination"],"fullName":"useUrlPagination returns pagination state","status":"passed","title":"returns pagination state","duration":22.17145800000003,"failureMessages":[],"meta":{}},{"ancestorTitles":["useUrlPagination"],"fullName":"useUrlPagination handleNextPage pushes with after cursor","status":"passed","title":"handleNextPage pushes with after cursor","duration":5.032959000000119,"failureMessages":[],"meta":{}},{"ancestorTitles":["useUrlPagination"],"fullName":"useUrlPagination handleNextPage does nothing when no next page","status":"passed","title":"handleNextPage does nothing when no next page","duration":2.5037079999999605,"failureMessages":[],"meta":{}},{"ancestorTitles":["useUrlPagination"],"fullName":"useUrlPagination handlePreviousPage pushes with before cursor","status":"passed","title":"handlePreviousPage pushes with before cursor","duration":2.0788749999999254,"failureMessages":[],"meta":{}},{"ancestorTitles":["useUrlPagination"],"fullName":"useUrlPagination handlePreviousPage does nothing when no previous page","status":"passed","title":"handlePreviousPage does nothing when no previous page","duration":2.852416999999832,"failureMessages":[],"meta":{}},{"ancestorTitles":["useUrlPagination"],"fullName":"useUrlPagination setFilter adds filter param and resets cursors","status":"passed","title":"setFilter adds filter param and resets cursors","duration":1.7310840000000098,"failureMessages":[],"meta":{}},{"ancestorTitles":["useUrlPagination"],"fullName":"useUrlPagination setFilter removes param when value is null","status":"passed","title":"setFilter removes param when value is null","duration":1.1880839999998898,"failureMessages":[],"meta":{}},{"ancestorTitles":["useUrlPagination"],"fullName":"useUrlPagination setFilter removes param when value is empty string","status":"passed","title":"setFilter removes param when value is empty string","duration":1.4199169999999413,"failureMessages":[],"meta":{}},{"ancestorTitles":["useUrlPagination"],"fullName":"useUrlPagination clearFilters removes specified keys","status":"passed","title":"clearFilters removes specified keys","duration":2.8403749999999945,"failureMessages":[],"meta":{}},{"ancestorTitles":["useUrlPagination"],"fullName":"useUrlPagination returns false for both pagination flags with null pageInfo","status":"passed","title":"returns false for both pagination flags with null pageInfo","duration":1.5007499999999254,"failureMessages":[],"meta":{}}],"startTime":1776291690595,"endTime":1776291690638.5007,"status":"passed","message":"","name":"/Users/jcmordan/code/leave-request/frontend/src/hooks/useUrlPagination.test.ts"},{"assertionResults":[{"ancestorTitles":["themeStorage","getThemeStorageKey"],"fullName":"themeStorage getThemeStorageKey returns default key when no userId","status":"passed","title":"returns default key when no userId","duration":1.9533329999999296,"failureMessages":[],"meta":{}},{"ancestorTitles":["themeStorage","getThemeStorageKey"],"fullName":"themeStorage getThemeStorageKey returns user-specific key","status":"passed","title":"returns user-specific key","duration":0.23512499999992542,"failureMessages":[],"meta":{}},{"ancestorTitles":["themeStorage","getStoredTheme"],"fullName":"themeStorage getStoredTheme returns default theme when nothing stored","status":"passed","title":"returns default theme when nothing stored","duration":0.2597090000001572,"failureMessages":[],"meta":{}},{"ancestorTitles":["themeStorage","getStoredTheme"],"fullName":"themeStorage getStoredTheme returns stored valid theme","status":"passed","title":"returns stored valid theme","duration":0.2248340000001008,"failureMessages":[],"meta":{}},{"ancestorTitles":["themeStorage","getStoredTheme"],"fullName":"themeStorage getStoredTheme returns default theme for invalid stored value","status":"passed","title":"returns default theme for invalid stored value","duration":0.19287500000018554,"failureMessages":[],"meta":{}},{"ancestorTitles":["themeStorage","getStoredTheme"],"fullName":"themeStorage getStoredTheme returns stored theme for specific user","status":"passed","title":"returns stored theme for specific user","duration":0.17487500000015643,"failureMessages":[],"meta":{}},{"ancestorTitles":["themeStorage","setStoredTheme"],"fullName":"themeStorage setStoredTheme stores theme in localStorage","status":"passed","title":"stores theme in localStorage","duration":1.5022910000000138,"failureMessages":[],"meta":{}},{"ancestorTitles":["themeStorage","setStoredTheme"],"fullName":"themeStorage setStoredTheme stores theme for specific user","status":"passed","title":"stores theme for specific user","duration":0.2383750000001328,"failureMessages":[],"meta":{}},{"ancestorTitles":["themeStorage","clearStoredTheme"],"fullName":"themeStorage clearStoredTheme removes theme from localStorage","status":"passed","title":"removes theme from localStorage","duration":0.23666700000012497,"failureMessages":[],"meta":{}},{"ancestorTitles":["themeStorage","clearStoredTheme"],"fullName":"themeStorage clearStoredTheme removes theme for specific user","status":"passed","title":"removes theme for specific user","duration":0.24741599999993014,"failureMessages":[],"meta":{}}],"startTime":1776291691011,"endTime":1776291691017.2473,"status":"passed","message":"","name":"/Users/jcmordan/code/leave-request/frontend/src/lib/themeStorage.test.ts"},{"assertionResults":[{"ancestorTitles":["themes","defaultTheme"],"fullName":"themes defaultTheme is ocean-blue","status":"passed","title":"is ocean-blue","duration":2.549582999999984,"failureMessages":[],"meta":{}},{"ancestorTitles":["themes","getTheme"],"fullName":"themes getTheme returns theme object for valid theme name","status":"passed","title":"returns theme object for valid theme name","duration":0.4030840000000353,"failureMessages":[],"meta":{}},{"ancestorTitles":["themes","getTheme"],"fullName":"themes getTheme returns undefined for unknown theme name","status":"passed","title":"returns undefined for unknown theme name","duration":0.18079200000011042,"failureMessages":[],"meta":{}},{"ancestorTitles":["themes","getTheme"],"fullName":"themes getTheme returns theme with expected color properties","status":"passed","title":"returns theme with expected color properties","duration":0.22366699999997763,"failureMessages":[],"meta":{}},{"ancestorTitles":["themes","isValidTheme"],"fullName":"themes isValidTheme returns true for valid theme name","status":"passed","title":"returns true for valid theme name","duration":0.3348750000000109,"failureMessages":[],"meta":{}},{"ancestorTitles":["themes","isValidTheme"],"fullName":"themes isValidTheme returns false for invalid theme name","status":"passed","title":"returns false for invalid theme name","duration":0.9483749999999418,"failureMessages":[],"meta":{}}],"startTime":1776291691233,"endTime":1776291691238.9485,"status":"passed","message":"","name":"/Users/jcmordan/code/leave-request/frontend/src/lib/themes.test.ts"},{"assertionResults":[{"ancestorTitles":["dateUtils","calculateAge"],"fullName":"dateUtils calculateAge returns a relative time string","status":"passed","title":"returns a relative time string","duration":3.4362089999999625,"failureMessages":[],"meta":{}},{"ancestorTitles":["dateUtils","calculateAge"],"fullName":"dateUtils calculateAge accepts locale parameter","status":"passed","title":"accepts locale parameter","duration":0.7807499999998981,"failureMessages":[],"meta":{}},{"ancestorTitles":["dateUtils","parseDateOfBirth"],"fullName":"dateUtils parseDateOfBirth returns formatted date without age","status":"passed","title":"returns formatted date without age","duration":1.5082499999998618,"failureMessages":[],"meta":{}},{"ancestorTitles":["dateUtils","parseDateOfBirth"],"fullName":"dateUtils parseDateOfBirth returns formatted date with age when showAge is true","status":"passed","title":"returns formatted date with age when showAge is true","duration":0.5562499999998636,"failureMessages":[],"meta":{}},{"ancestorTitles":["dateUtils","parseDateOfBirth"],"fullName":"dateUtils parseDateOfBirth accepts locale parameter","status":"passed","title":"accepts locale parameter","duration":0.30275000000006,"failureMessages":[],"meta":{}},{"ancestorTitles":["dateUtils","fromNow"],"fullName":"dateUtils fromNow returns a relative time string","status":"passed","title":"returns a relative time string","duration":0.34637499999985266,"failureMessages":[],"meta":{}},{"ancestorTitles":["dateUtils","isInThePast"],"fullName":"dateUtils isInThePast returns true for past date","status":"passed","title":"returns true for past date","duration":0.19420799999988958,"failureMessages":[],"meta":{}},{"ancestorTitles":["dateUtils","isInThePast"],"fullName":"dateUtils isInThePast returns false for future date","status":"passed","title":"returns false for future date","duration":0.12279199999989032,"failureMessages":[],"meta":{}},{"ancestorTitles":["dateUtils","isInThePast"],"fullName":"dateUtils isInThePast accepts allowToday parameter","status":"passed","title":"accepts allowToday parameter","duration":0.14333400000009533,"failureMessages":[],"meta":{}},{"ancestorTitles":["dateUtils","isInTheFuture"],"fullName":"dateUtils isInTheFuture returns true for future date","status":"passed","title":"returns true for future date","duration":0.5183329999999842,"failureMessages":[],"meta":{}},{"ancestorTitles":["dateUtils","isInTheFuture"],"fullName":"dateUtils isInTheFuture returns false for past date","status":"passed","title":"returns false for past date","duration":0.18833399999994072,"failureMessages":[],"meta":{}},{"ancestorTitles":["dateUtils","isInTheFuture"],"fullName":"dateUtils isInTheFuture accepts allowToday parameter","status":"passed","title":"accepts allowToday parameter","duration":0.11095899999986614,"failureMessages":[],"meta":{}},{"ancestorTitles":["dateUtils","dayOfTheWeek"],"fullName":"dateUtils dayOfTheWeek returns abbreviated day name","status":"passed","title":"returns abbreviated day name","duration":0.32600000000002183,"failureMessages":[],"meta":{}},{"ancestorTitles":["dateUtils","fullDateTime"],"fullName":"dateUtils fullDateTime returns a formatted date-time string","status":"passed","title":"returns a formatted date-time string","duration":0.20933299999978772,"failureMessages":[],"meta":{}},{"ancestorTitles":["dateUtils","shortDateTimeWithTime"],"fullName":"dateUtils shortDateTimeWithTime returns a short formatted date-time","status":"passed","title":"returns a short formatted date-time","duration":0.17279200000007222,"failureMessages":[],"meta":{}},{"ancestorTitles":["dateUtils","shortDate"],"fullName":"dateUtils shortDate returns a short formatted date","status":"passed","title":"returns a short formatted date","duration":0.3110830000000533,"failureMessages":[],"meta":{}},{"ancestorTitles":["dateUtils","fullDateTimeFromNow"],"fullName":"dateUtils fullDateTimeFromNow returns formatted date with relative time","status":"passed","title":"returns formatted date with relative time","duration":2.8419169999999667,"failureMessages":[],"meta":{}},{"ancestorTitles":["dateUtils","fullDateTimeFromNow"],"fullName":"dateUtils fullDateTimeFromNow returns dash for null","status":"passed","title":"returns dash for null","duration":0.18962499999997817,"failureMessages":[],"meta":{}},{"ancestorTitles":["dateUtils","fullDateTimeFromNow"],"fullName":"dateUtils fullDateTimeFromNow returns dash for undefined","status":"passed","title":"returns dash for undefined","duration":0.09874999999988177,"failureMessages":[],"meta":{}},{"ancestorTitles":["dateUtils","shortDateTimeFromNow"],"fullName":"dateUtils shortDateTimeFromNow returns short formatted date with relative time","status":"passed","title":"returns short formatted date with relative time","duration":0.3019170000000031,"failureMessages":[],"meta":{}},{"ancestorTitles":["dateUtils","shortDateTimeFromNow"],"fullName":"dateUtils shortDateTimeFromNow returns dash for null","status":"passed","title":"returns dash for null","duration":0.09708399999999529,"failureMessages":[],"meta":{}},{"ancestorTitles":["dateUtils","shortDateTimeFromNow"],"fullName":"dateUtils shortDateTimeFromNow returns dash for undefined","status":"passed","title":"returns dash for undefined","duration":0.07191699999998491,"failureMessages":[],"meta":{}},{"ancestorTitles":["dateUtils","setToCurrentDate"],"fullName":"dateUtils setToCurrentDate preserves hours and minutes from input date","status":"passed","title":"preserves hours and minutes from input date","duration":0.18795799999998053,"failureMessages":[],"meta":{}},{"ancestorTitles":["dateUtils","setToCurrentDate"],"fullName":"dateUtils setToCurrentDate accepts Date object","status":"passed","title":"accepts Date object","duration":0.1173750000000382,"failureMessages":[],"meta":{}},{"ancestorTitles":["dateUtils","getWeekDay"],"fullName":"dateUtils getWeekDay returns a number for the day of the week","status":"passed","title":"returns a number for the day of the week","duration":0.24420800000007148,"failureMessages":[],"meta":{}},{"ancestorTitles":["dateUtils","formatDuration"],"fullName":"dateUtils formatDuration formats minutes to HH:mm","status":"passed","title":"formats minutes to HH:mm","duration":0.4408339999999953,"failureMessages":[],"meta":{}},{"ancestorTitles":["dateUtils","formatDuration"],"fullName":"dateUtils formatDuration formats zero minutes","status":"passed","title":"formats zero minutes","duration":0.1037499999999909,"failureMessages":[],"meta":{}},{"ancestorTitles":["dateUtils","formatDuration"],"fullName":"dateUtils formatDuration formats full hours","status":"passed","title":"formats full hours","duration":0.0861250000000382,"failureMessages":[],"meta":{}},{"ancestorTitles":["dateUtils","nexWeekDay"],"fullName":"dateUtils nexWeekDay returns a dayjs object for the given weekday","status":"passed","title":"returns a dayjs object for the given weekday","duration":1.4215840000001663,"failureMessages":[],"meta":{}},{"ancestorTitles":["dateUtils","dateTimesMatch"],"fullName":"dateUtils dateTimesMatch returns true when dates match to the minute","status":"passed","title":"returns true when dates match to the minute","duration":0.3984170000001086,"failureMessages":[],"meta":{}},{"ancestorTitles":["dateUtils","dateTimesMatch"],"fullName":"dateUtils dateTimesMatch returns false when dates differ by a minute","status":"passed","title":"returns false when dates differ by a minute","duration":0.1767499999998563,"failureMessages":[],"meta":{}}],"startTime":1776291690750,"endTime":1776291690768.1768,"status":"passed","message":"","name":"/Users/jcmordan/code/leave-request/frontend/src/utils/dateUtils.test.ts"},{"assertionResults":[{"ancestorTitles":["formatters","cleanPhoneNumber"],"fullName":"formatters cleanPhoneNumber cleans non-digit characters from a phone number","status":"passed","title":"cleans non-digit characters from a phone number","duration":1.3124579999998787,"failureMessages":[],"meta":{}},{"ancestorTitles":["formatters","formatPhoneNumber"],"fullName":"formatters formatPhoneNumber formats a valid 10-digit phone number","status":"passed","title":"formats a valid 10-digit phone number","duration":0.2335000000002765,"failureMessages":[],"meta":{}},{"ancestorTitles":["formatters","formatPhoneNumber"],"fullName":"formatters formatPhoneNumber returns original string when not 10 digits","status":"passed","title":"returns original string when not 10 digits","duration":0.1554999999998472,"failureMessages":[],"meta":{}},{"ancestorTitles":["formatters","getInitials"],"fullName":"formatters getInitials returns initials for first and last name","status":"passed","title":"returns initials for first and last name","duration":0.138749999999618,"failureMessages":[],"meta":{}},{"ancestorTitles":["formatters","getInitials"],"fullName":"formatters getInitials returns single initial for single name","status":"passed","title":"returns single initial for single name","duration":0.10395900000003166,"failureMessages":[],"meta":{}},{"ancestorTitles":["formatters","formatPercentage"],"fullName":"formatters formatPercentage formats a number as percentage","status":"passed","title":"formats a number as percentage","duration":20.367957999999817,"failureMessages":[],"meta":{}},{"ancestorTitles":["formatters","formatPercentage"],"fullName":"formatters formatPercentage returns dash for null","status":"passed","title":"returns dash for null","duration":0.14104200000019773,"failureMessages":[],"meta":{}},{"ancestorTitles":["formatters","formatPercentage"],"fullName":"formatters formatPercentage returns dash for undefined","status":"passed","title":"returns dash for undefined","duration":0.07604200000014316,"failureMessages":[],"meta":{}},{"ancestorTitles":["formatters","formatPercentage"],"fullName":"formatters formatPercentage formats zero correctly","status":"passed","title":"formats zero correctly","duration":0.14262500000040745,"failureMessages":[],"meta":{}},{"ancestorTitles":["formatters","formatCurrency"],"fullName":"formatters formatCurrency formats a number as currency","status":"passed","title":"formats a number as currency","duration":1.1472499999999854,"failureMessages":[],"meta":{}},{"ancestorTitles":["formatters","formatCurrency"],"fullName":"formatters formatCurrency returns dash for null","status":"passed","title":"returns dash for null","duration":0.11437500000010914,"failureMessages":[],"meta":{}},{"ancestorTitles":["formatters","formatCurrency"],"fullName":"formatters formatCurrency returns dash for undefined","status":"passed","title":"returns dash for undefined","duration":0.07162500000004002,"failureMessages":[],"meta":{}},{"ancestorTitles":["formatters","formatCurrency"],"fullName":"formatters formatCurrency accepts custom currency","status":"passed","title":"accepts custom currency","duration":0.1914999999999054,"failureMessages":[],"meta":{}},{"ancestorTitles":["formatters","formatCurrency"],"fullName":"formatters formatCurrency formats zero correctly","status":"passed","title":"formats zero correctly","duration":0.12895900000012261,"failureMessages":[],"meta":{}},{"ancestorTitles":["formatters","formatDate"],"fullName":"formatters formatDate formats a valid date string","status":"passed","title":"formats a valid date string","duration":1.1142500000000837,"failureMessages":[],"meta":{}},{"ancestorTitles":["formatters","formatDate"],"fullName":"formatters formatDate formats a Date object","status":"passed","title":"formats a Date object","duration":0.16504200000008495,"failureMessages":[],"meta":{}},{"ancestorTitles":["formatters","formatDate"],"fullName":"formatters formatDate returns fallback for null","status":"passed","title":"returns fallback for null","duration":0.06016600000020844,"failureMessages":[],"meta":{}},{"ancestorTitles":["formatters","formatDate"],"fullName":"formatters formatDate returns fallback for undefined","status":"passed","title":"returns fallback for undefined","duration":0.04987500000015643,"failureMessages":[],"meta":{}},{"ancestorTitles":["formatters","formatDate"],"fullName":"formatters formatDate returns fallback for empty string","status":"passed","title":"returns fallback for empty string","duration":0.05991599999970276,"failureMessages":[],"meta":{}},{"ancestorTitles":["formatters","formatDate"],"fullName":"formatters formatDate returns custom fallback","status":"passed","title":"returns custom fallback","duration":0.05879099999992832,"failureMessages":[],"meta":{}},{"ancestorTitles":["formatters","formatDate"],"fullName":"formatters formatDate returns fallback for invalid date","status":"passed","title":"returns fallback for invalid date","duration":0.052374999999756255,"failureMessages":[],"meta":{}},{"ancestorTitles":["formatters","formatDate"],"fullName":"formatters formatDate returns fallback for year <= 1","status":"passed","title":"returns fallback for year <= 1","duration":0.06504099999983737,"failureMessages":[],"meta":{}},{"ancestorTitles":["formatters","formatDate"],"fullName":"formatters formatDate uses custom format string","status":"passed","title":"uses custom format string","duration":0.08412500000031287,"failureMessages":[],"meta":{}},{"ancestorTitles":["formatters","formatNationalId"],"fullName":"formatters formatNationalId formats valid 11-digit cédula","status":"passed","title":"formats valid 11-digit cédula","duration":0.12791599999991377,"failureMessages":[],"meta":{}},{"ancestorTitles":["formatters","formatNationalId"],"fullName":"formatters formatNationalId strips non-digit characters before formatting","status":"passed","title":"strips non-digit characters before formatting","duration":0.05079200000000128,"failureMessages":[],"meta":{}},{"ancestorTitles":["formatters","formatNationalId"],"fullName":"formatters formatNationalId returns the same string for invalid length","status":"passed","title":"returns the same string for invalid length","duration":0.046749999999974534,"failureMessages":[],"meta":{}},{"ancestorTitles":["formatters","truncate"],"fullName":"formatters truncate truncates a long string and adds ellipsis","status":"passed","title":"truncates a long string and adds ellipsis","duration":0.07016700000031051,"failureMessages":[],"meta":{}},{"ancestorTitles":["formatters","truncate"],"fullName":"formatters truncate returns the same string if it is shorter than maxLength","status":"passed","title":"returns the same string if it is shorter than maxLength","duration":0.045041999999739346,"failureMessages":[],"meta":{}},{"ancestorTitles":["formatters","truncate"],"fullName":"formatters truncate returns dash for null","status":"passed","title":"returns dash for null","duration":0.05116700000007768,"failureMessages":[],"meta":{}},{"ancestorTitles":["formatters","truncate"],"fullName":"formatters truncate returns dash for undefined","status":"passed","title":"returns dash for undefined","duration":0.04312499999969077,"failureMessages":[],"meta":{}},{"ancestorTitles":["formatters","truncate"],"fullName":"formatters truncate uses default maxLength of 50","status":"passed","title":"uses default maxLength of 50","duration":0.07070800000019517,"failureMessages":[],"meta":{}}],"startTime":1776291692124,"endTime":1776291692151.0708,"status":"passed","message":"","name":"/Users/jcmordan/code/leave-request/frontend/src/utils/formatters.test.ts"},{"assertionResults":[{"ancestorTitles":["groupPermissions"],"fullName":"groupPermissions groups permissions by module and entity","status":"passed","title":"groups permissions by module and entity","duration":4.3775419999999485,"failureMessages":[],"meta":{}},{"ancestorTitles":["groupPermissions"],"fullName":"groupPermissions marks active permissions as selected","status":"passed","title":"marks active permissions as selected","duration":0.5399580000000697,"failureMessages":[],"meta":{}},{"ancestorTitles":["groupPermissions"],"fullName":"groupPermissions sorts view permissions first","status":"passed","title":"sorts view permissions first","duration":0.3967090000001008,"failureMessages":[],"meta":{}},{"ancestorTitles":["groupPermissions"],"fullName":"groupPermissions returns empty object for null permissions","status":"passed","title":"returns empty object for null permissions","duration":0.6836249999998927,"failureMessages":[],"meta":{}},{"ancestorTitles":["groupPermissions"],"fullName":"groupPermissions returns empty object for undefined permissions","status":"passed","title":"returns empty object for undefined permissions","duration":0.152417000000014,"failureMessages":[],"meta":{}},{"ancestorTitles":["groupPermissions"],"fullName":"groupPermissions defaults activePermissionIds to empty array","status":"passed","title":"defaults activePermissionIds to empty array","duration":0.23474999999984902,"failureMessages":[],"meta":{}},{"ancestorTitles":["groupPermissions"],"fullName":"groupPermissions skips permissions with fewer than 3 parts","status":"passed","title":"skips permissions with fewer than 3 parts","duration":0.2542080000000624,"failureMessages":[],"meta":{}}],"startTime":1776291690909,"endTime":1776291690915.2542,"status":"passed","message":"","name":"/Users/jcmordan/code/leave-request/frontend/src/utils/permissionUtils.test.ts"},{"assertionResults":[{"ancestorTitles":["generatePassword"],"fullName":"generatePassword generates a password of default length 12","status":"passed","title":"generates a password of default length 12","duration":2.93487499999992,"failureMessages":[],"meta":{}},{"ancestorTitles":["generatePassword"],"fullName":"generatePassword generates a password of custom length","status":"passed","title":"generates a password of custom length","duration":0.3970000000001619,"failureMessages":[],"meta":{}},{"ancestorTitles":["generatePassword"],"fullName":"generatePassword generates a password of length 1","status":"passed","title":"generates a password of length 1","duration":0.21491699999978664,"failureMessages":[],"meta":{}},{"ancestorTitles":["generatePassword"],"fullName":"generatePassword only contains characters from the allowed charset","status":"passed","title":"only contains characters from the allowed charset","duration":2.8677920000000086,"failureMessages":[],"meta":{}},{"ancestorTitles":["generatePassword"],"fullName":"generatePassword generates different passwords on successive calls","status":"passed","title":"generates different passwords on successive calls","duration":1.0793340000000171,"failureMessages":[],"meta":{}}],"startTime":1776291690814,"endTime":1776291690821.0793,"status":"passed","message":"","name":"/Users/jcmordan/code/leave-request/frontend/src/utils/securityUtils.test.ts"},{"assertionResults":[{"ancestorTitles":["CancelRequestModal"],"fullName":"CancelRequestModal renders nothing when request is null","status":"passed","title":"renders nothing when request is null","duration":23.550000000000182,"failureMessages":[],"meta":{}},{"ancestorTitles":["CancelRequestModal"],"fullName":"CancelRequestModal renders correctly with request details","status":"passed","title":"renders correctly with request details","duration":264.0299590000004,"failureMessages":[],"meta":{}},{"ancestorTitles":["CancelRequestModal"],"fullName":"CancelRequestModal calls cancelRequest mutation when confirm button is clicked","status":"passed","title":"calls cancelRequest mutation when confirm button is clicked","duration":65.20566700000018,"failureMessages":[],"meta":{}},{"ancestorTitles":["CancelRequestModal"],"fullName":"CancelRequestModal calls onClose when keep request button is clicked","status":"passed","title":"calls onClose when keep request button is clicked","duration":46.165624999999636,"failureMessages":[],"meta":{}},{"ancestorTitles":["CancelRequestModal"],"fullName":"CancelRequestModal handles successful cancellation","status":"passed","title":"handles successful cancellation","duration":33.33625000000029,"failureMessages":[],"meta":{}},{"ancestorTitles":["CancelRequestModal"],"fullName":"CancelRequestModal handles cancellation error","status":"passed","title":"handles cancellation error","duration":28.29962499999965,"failureMessages":[],"meta":{}},{"ancestorTitles":["CancelRequestModal"],"fullName":"CancelRequestModal handles mutation error (onError branch)","status":"passed","title":"handles mutation error (onError branch)","duration":29.59166699999969,"failureMessages":[],"meta":{}},{"ancestorTitles":["CancelRequestModal"],"fullName":"CancelRequestModal disables buttons when loading is true","status":"passed","title":"disables buttons when loading is true","duration":42.75054100000034,"failureMessages":[],"meta":{}}],"startTime":1776291686276,"endTime":1776291686808.7505,"status":"passed","message":"","name":"/Users/jcmordan/code/leave-request/frontend/src/components/requests/CancelRequestModal.test.tsx"},{"assertionResults":[{"ancestorTitles":["Progress"],"fullName":"Progress renders with correct value","status":"passed","title":"renders with correct value","duration":147.76433299999985,"failureMessages":[],"meta":{}},{"ancestorTitles":["Progress"],"fullName":"Progress handles undefined value","status":"passed","title":"handles undefined value","duration":7.837208000000373,"failureMessages":[],"meta":{}}],"startTime":1776291680606,"endTime":1776291680761.8372,"status":"passed","message":"","name":"/Users/jcmordan/code/leave-request/frontend/src/components/ui/progress.test.tsx"},{"assertionResults":[{"ancestorTitles":["mapEdgesToArray"],"fullName":"mapEdgesToArray maps edges to flat array of nodes","status":"passed","title":"maps edges to flat array of nodes","duration":1.9882080000002134,"failureMessages":[],"meta":{}},{"ancestorTitles":["mapEdgesToArray"],"fullName":"mapEdgesToArray returns empty-ish result for null","status":"passed","title":"returns empty-ish result for null","duration":0.19900000000006912,"failureMessages":[],"meta":{}},{"ancestorTitles":["mapEdgesToArray"],"fullName":"mapEdgesToArray returns empty-ish result for undefined","status":"passed","title":"returns empty-ish result for undefined","duration":0.12425000000007458,"failureMessages":[],"meta":{}},{"ancestorTitles":["mapEdgesToArray"],"fullName":"mapEdgesToArray returns empty array for empty edges","status":"passed","title":"returns empty array for empty edges","duration":0.13850000000002183,"failureMessages":[],"meta":{}},{"ancestorTitles":["mapEdgesToArray"],"fullName":"mapEdgesToArray preserves all node properties","status":"passed","title":"preserves all node properties","duration":0.17629199999987577,"failureMessages":[],"meta":{}}],"startTime":1776291691337,"endTime":1776291691339.199,"status":"passed","message":"","name":"/Users/jcmordan/code/leave-request/frontend/src/utils/graphql/mapEdgesToArray.test.ts"},{"assertionResults":[{"ancestorTitles":["useStandardizedMutation"],"fullName":"useStandardizedMutation returns mutate function, submitting state, and error","status":"passed","title":"returns mutate function, submitting state, and error","duration":2.0383750000000873,"failureMessages":[],"meta":{}},{"ancestorTitles":["useStandardizedMutation"],"fullName":"useStandardizedMutation shows success toast when message is provided and mutation succeeds","status":"passed","title":"shows success toast when message is provided and mutation succeeds","duration":2.998542000000043,"failureMessages":[],"meta":{}},{"ancestorTitles":["useStandardizedMutation"],"fullName":"useStandardizedMutation does not show success toast when message is not provided","status":"passed","title":"does not show success toast when message is not provided","duration":1.360290999999961,"failureMessages":[],"meta":{}},{"ancestorTitles":["useStandardizedMutation"],"fullName":"useStandardizedMutation throws when mutation returns no data","status":"passed","title":"throws when mutation returns no data","duration":1.785707999999886,"failureMessages":[],"meta":{}},{"ancestorTitles":["useStandardizedMutation"],"fullName":"useStandardizedMutation shows error toast and rethrows on mutation failure","status":"passed","title":"shows error toast and rethrows on mutation failure","duration":0.7527079999999842,"failureMessages":[],"meta":{}},{"ancestorTitles":["useStandardizedMutation"],"fullName":"useStandardizedMutation extracts graphQL error messages","status":"passed","title":"extracts graphQL error messages","duration":0.33637500000008913,"failureMessages":[],"meta":{}},{"ancestorTitles":["useStandardizedMutation"],"fullName":"useStandardizedMutation extracts network error messages","status":"passed","title":"extracts network error messages","duration":0.27045799999996234,"failureMessages":[],"meta":{}},{"ancestorTitles":["useStandardizedMutation"],"fullName":"useStandardizedMutation extracts generic message from error object","status":"passed","title":"extracts generic message from error object","duration":0.7300000000000182,"failureMessages":[],"meta":{}},{"ancestorTitles":["useStandardizedMutation"],"fullName":"useStandardizedMutation uses fallback message for non-object errors","status":"passed","title":"uses fallback message for non-object errors","duration":1.0358750000000327,"failureMessages":[],"meta":{}},{"ancestorTitles":["useStandardizedMutation"],"fullName":"useStandardizedMutation does not show error toast when errorMessage is not provided","status":"passed","title":"does not show error toast when errorMessage is not provided","duration":1.2846660000000156,"failureMessages":[],"meta":{}}],"startTime":1776291690742,"endTime":1776291690754.2847,"status":"passed","message":"","name":"/Users/jcmordan/code/leave-request/frontend/src/utils/graphql/useStandardizedMutation.test.ts"},{"assertionResults":[{"ancestorTitles":["FormFileInput"],"fullName":"FormFileInput renders correctly in empty state","status":"passed","title":"renders correctly in empty state","duration":85.43370800000002,"failureMessages":[],"meta":{}},{"ancestorTitles":["FormFileInput"],"fullName":"FormFileInput triggers file input click when container is clicked","status":"passed","title":"triggers file input click when container is clicked","duration":20.950207999999748,"failureMessages":[],"meta":{}},{"ancestorTitles":["FormFileInput"],"fullName":"FormFileInput displays filename when a file is selected","status":"passed","title":"displays filename when a file is selected","duration":30.102790999999797,"failureMessages":[],"meta":{}},{"ancestorTitles":["FormFileInput"],"fullName":"FormFileInput clears the file when the clear button is clicked","status":"passed","title":"clears the file when the clear button is clicked","duration":18.712958999999955,"failureMessages":[],"meta":{}},{"ancestorTitles":["FormFileInput"],"fullName":"FormFileInput shows asterisk when required","status":"passed","title":"shows asterisk when required","duration":17.008374999999887,"failureMessages":[],"meta":{}},{"ancestorTitles":["FormFileInput"],"fullName":"FormFileInput is disabled when disabled prop is true","status":"passed","title":"is disabled when disabled prop is true","duration":58.53908300000012,"failureMessages":[],"meta":{}}],"startTime":1776291680818,"endTime":1776291681048.539,"status":"passed","message":"","name":"/Users/jcmordan/code/leave-request/frontend/src/components/forms/form-input/FormFileInput.test.tsx"},{"assertionResults":[{"ancestorTitles":["CredentialsForm"],"fullName":"CredentialsForm renders with correct labels and inputs","status":"passed","title":"renders with correct labels and inputs","duration":106.37420900000006,"failureMessages":[],"meta":{}},{"ancestorTitles":["CredentialsForm"],"fullName":"CredentialsForm displays error message when provided","status":"passed","title":"displays error message when provided","duration":31.184374999999818,"failureMessages":[],"meta":{}},{"ancestorTitles":["CredentialsForm"],"fullName":"CredentialsForm disables button and shows signing in text when loading","status":"passed","title":"disables button and shows signing in text when loading","duration":271.30700000000024,"failureMessages":[],"meta":{}},{"ancestorTitles":["CredentialsForm"],"fullName":"CredentialsForm calls onSubmit with correct values","status":"passed","title":"calls onSubmit with correct values","duration":13.612375000000156,"failureMessages":[],"meta":{}}],"startTime":1776291680644,"endTime":1776291681066.6123,"status":"passed","message":"","name":"/Users/jcmordan/code/leave-request/frontend/src/app/[locale]/auth/login/components/CredentialsForm.test.tsx"},{"assertionResults":[{"ancestorTitles":["LoginCard"],"fullName":"LoginCard renders children inside the card","status":"passed","title":"renders children inside the card","duration":82.70491700000002,"failureMessages":[],"meta":{}}],"startTime":1776291688649,"endTime":1776291688731.7048,"status":"passed","message":"","name":"/Users/jcmordan/code/leave-request/frontend/src/app/[locale]/auth/login/components/LoginCard.test.tsx"},{"assertionResults":[{"ancestorTitles":["LoginCardFooter"],"fullName":"LoginCardFooter renders copyright with current year","status":"passed","title":"renders copyright with current year","duration":47.33641699999998,"failureMessages":[],"meta":{}}],"startTime":1776291689626,"endTime":1776291689673.3364,"status":"passed","message":"","name":"/Users/jcmordan/code/leave-request/frontend/src/app/[locale]/auth/login/components/LoginCardFooter.test.tsx"},{"assertionResults":[{"ancestorTitles":["LoginDivider"],"fullName":"LoginDivider renders divider with 'or' text","status":"passed","title":"renders divider with 'or' text","duration":47.20820800000001,"failureMessages":[],"meta":{}}],"startTime":1776291689060,"endTime":1776291689107.2083,"status":"passed","message":"","name":"/Users/jcmordan/code/leave-request/frontend/src/app/[locale]/auth/login/components/LoginDivider.test.tsx"},{"assertionResults":[{"ancestorTitles":["LoginHeader"],"fullName":"LoginHeader renders workspace brand name","status":"passed","title":"renders workspace brand name","duration":56.35437500000012,"failureMessages":[],"meta":{}},{"ancestorTitles":["LoginHeader"],"fullName":"LoginHeader renders contact link","status":"passed","title":"renders contact link","duration":18.833290999999917,"failureMessages":[],"meta":{}}],"startTime":1776291682885,"endTime":1776291682959.8333,"status":"passed","message":"","name":"/Users/jcmordan/code/leave-request/frontend/src/app/[locale]/auth/login/components/LoginHeader.test.tsx"},{"assertionResults":[{"ancestorTitles":["MicrosoftSignInButton"],"fullName":"MicrosoftSignInButton renders Microsoft sign-in text","status":"passed","title":"renders Microsoft sign-in text","duration":66.35212499999989,"failureMessages":[],"meta":{}},{"ancestorTitles":["MicrosoftSignInButton"],"fullName":"MicrosoftSignInButton calls onClick when clicked","status":"passed","title":"calls onClick when clicked","duration":106.65112499999987,"failureMessages":[],"meta":{}}],"startTime":1776291682350,"endTime":1776291682523.6511,"status":"passed","message":"","name":"/Users/jcmordan/code/leave-request/frontend/src/app/[locale]/auth/login/components/MicrosoftSignInButton.test.tsx"},{"assertionResults":[{"ancestorTitles":["DepartmentBadge"],"fullName":"DepartmentBadge uses mapped colors for known departments","status":"passed","title":"uses mapped colors for known departments","duration":57.91145800000004,"failureMessages":[],"meta":{}},{"ancestorTitles":["DepartmentBadge"],"fullName":"DepartmentBadge uses fallback colors for unknown departments","status":"passed","title":"uses fallback colors for unknown departments","duration":4.936958000000004,"failureMessages":[],"meta":{}}],"startTime":1776291688949,"endTime":1776291689011.937,"status":"passed","message":"","name":"/Users/jcmordan/code/leave-request/frontend/src/app/[locale]/(root)/employees/components/DepartmentBadge.test.tsx"},{"assertionResults":[{"ancestorTitles":["DirectoryControls"],"fullName":"DirectoryControls defaults query to empty string when searchValue is not provided","status":"passed","title":"defaults query to empty string when searchValue is not provided","duration":54.270667,"failureMessages":[],"meta":{}},{"ancestorTitles":["DirectoryControls"],"fullName":"DirectoryControls uses current query when callback receives undefined","status":"passed","title":"uses current query when callback receives undefined","duration":13.730041000000028,"failureMessages":[],"meta":{}},{"ancestorTitles":["DirectoryControls"],"fullName":"DirectoryControls updates query and calls onSearch when filter changes","status":"passed","title":"updates query and calls onSearch when filter changes","duration":11.696500000000015,"failureMessages":[],"meta":{}}],"startTime":1776291686892,"endTime":1776291686972.6965,"status":"passed","message":"","name":"/Users/jcmordan/code/leave-request/frontend/src/app/[locale]/(root)/employees/components/DirectoryControls.test.tsx"},{"assertionResults":[{"ancestorTitles":["useEmployeeColumns"],"fullName":"useEmployeeColumns returns expected column metadata and renders key cells","status":"passed","title":"returns expected column metadata and renders key cells","duration":157.7009590000007,"failureMessages":[],"meta":{}},{"ancestorTitles":["useEmployeeColumns"],"fullName":"useEmployeeColumns uses fallback values for missing optional fields","status":"passed","title":"uses fallback values for missing optional fields","duration":5.447667000000365,"failureMessages":[],"meta":{}}],"startTime":1776291683065,"endTime":1776291683228.4478,"status":"passed","message":"","name":"/Users/jcmordan/code/leave-request/frontend/src/app/[locale]/(root)/employees/components/EmployeeColumns.test.tsx"},{"assertionResults":[{"ancestorTitles":["EmployeeDirectory"],"fullName":"EmployeeDirectory builds variables with \"before\" branch and propagates search actions","status":"passed","title":"builds variables with \"before\" branch and propagates search actions","duration":45.70720800000004,"failureMessages":[],"meta":{}},{"ancestorTitles":["EmployeeDirectory"],"fullName":"EmployeeDirectory builds variables with \"after\" branch when \"before\" is missing","status":"passed","title":"builds variables with \"after\" branch when \"before\" is missing","duration":6.193708000000015,"failureMessages":[],"meta":{}}],"startTime":1776291686892,"endTime":1776291686944.1936,"status":"passed","message":"","name":"/Users/jcmordan/code/leave-request/frontend/src/app/[locale]/(root)/employees/components/EmployeeDirectory.test.tsx"},{"assertionResults":[{"ancestorTitles":["EmployeeTable"],"fullName":"EmployeeTable renders empty state when fragment result is null","status":"passed","title":"renders empty state when fragment result is null","duration":38.266999999999825,"failureMessages":[],"meta":{}},{"ancestorTitles":["EmployeeTable"],"fullName":"EmployeeTable renders empty state when fragment has no edges","status":"passed","title":"renders empty state when fragment has no edges","duration":4.106874999999945,"failureMessages":[],"meta":{}},{"ancestorTitles":["EmployeeTable"],"fullName":"EmployeeTable renders paginated table when employees exist","status":"passed","title":"renders paginated table when employees exist","duration":5.7139579999998205,"failureMessages":[],"meta":{}}],"startTime":1776291689575,"endTime":1776291689622.7139,"status":"passed","message":"","name":"/Users/jcmordan/code/leave-request/frontend/src/app/[locale]/(root)/employees/components/EmployeeTable.test.tsx"},{"assertionResults":[{"ancestorTitles":["StatsSection"],"fullName":"StatsSection renders all stat cards with correct values","status":"passed","title":"renders all stat cards with correct values","duration":176.75520800000004,"failureMessages":[],"meta":{}}],"startTime":1776291684997,"endTime":1776291685173.7551,"status":"passed","message":"","name":"/Users/jcmordan/code/leave-request/frontend/src/app/[locale]/(root)/employees/components/StatsSection.test.tsx"},{"assertionResults":[{"ancestorTitles":["EmployeeEditFormContent"],"fullName":"EmployeeEditFormContent renders all form sections and separators in order","status":"passed","title":"renders all form sections and separators in order","duration":69.29662500000018,"failureMessages":[],"meta":{}},{"ancestorTitles":["EmployeeEditFormContent"],"fullName":"EmployeeEditFormContent handles null employeeRef gracefully (even if non-optional in implementation)","status":"passed","title":"handles null employeeRef gracefully (even if non-optional in implementation)","duration":0.3772080000001097,"failureMessages":[],"meta":{}}],"startTime":1776291687033,"endTime":1776291687102.3772,"status":"passed","message":"","name":"/Users/jcmordan/code/leave-request/frontend/src/app/[locale]/(root)/employees/sheets/EmployeeEditForm.test.tsx"},{"assertionResults":[{"ancestorTitles":["EmployeeEditSheet"],"fullName":"EmployeeEditSheet renders loading state initially","status":"passed","title":"renders loading state initially","duration":331.41799999999967,"failureMessages":[],"meta":{}},{"ancestorTitles":["EmployeeEditSheet"],"fullName":"EmployeeEditSheet renders form with employee data","status":"passed","title":"renders form with employee data","duration":353.5674170000002,"failureMessages":[],"meta":{}},{"ancestorTitles":["EmployeeEditSheet"],"fullName":"EmployeeEditSheet validates required fields","status":"passed","title":"validates required fields","duration":328.4604589999999,"failureMessages":[],"meta":{}}],"startTime":1776291688876,"endTime":1776291689889.4604,"status":"passed","message":"","name":"/Users/jcmordan/code/leave-request/frontend/src/app/[locale]/(root)/employees/sheets/EmployeeEditSheet.test.tsx"},{"assertionResults":[{"ancestorTitles":["EmployeeActionButtons"],"fullName":"EmployeeActionButtons renders edit profile and contact buttons","status":"passed","title":"renders edit profile and contact buttons","duration":104.25962499999991,"failureMessages":[],"meta":{}},{"ancestorTitles":["EmployeeActionButtons"],"fullName":"EmployeeActionButtons renders two buttons","status":"passed","title":"renders two buttons","duration":128.14945799999987,"failureMessages":[],"meta":{}}],"startTime":1776291682216,"endTime":1776291682448.1494,"status":"passed","message":"","name":"/Users/jcmordan/code/leave-request/frontend/src/app/[locale]/(root)/employees/[employee_id]/components/EmployeeActionButtons.test.tsx"},{"assertionResults":[{"ancestorTitles":["EmployeeCorporateDataCard"],"fullName":"EmployeeCorporateDataCard renders employee corporate data","status":"passed","title":"renders employee corporate data","duration":77.69783400000006,"failureMessages":[],"meta":{}},{"ancestorTitles":["EmployeeCorporateDataCard"],"fullName":"EmployeeCorporateDataCard renders dash when department is null","status":"passed","title":"renders dash when department is null","duration":7.557166000000052,"failureMessages":[],"meta":{}}],"startTime":1776291682964,"endTime":1776291683049.5571,"status":"passed","message":"","name":"/Users/jcmordan/code/leave-request/frontend/src/app/[locale]/(root)/employees/[employee_id]/components/EmployeeCorporateDataCard.test.tsx"},{"assertionResults":[{"ancestorTitles":["EmployeeDetailsNotFound"],"fullName":"EmployeeDetailsNotFound renders not found title and description","status":"passed","title":"renders not found title and description","duration":73.35129100000017,"failureMessages":[],"meta":{}},{"ancestorTitles":["EmployeeDetailsNotFound"],"fullName":"EmployeeDetailsNotFound renders back to directory link","status":"passed","title":"renders back to directory link","duration":6.993959000000132,"failureMessages":[],"meta":{}}],"startTime":1776291685009,"endTime":1776291685089.994,"status":"passed","message":"","name":"/Users/jcmordan/code/leave-request/frontend/src/app/[locale]/(root)/employees/[employee_id]/components/EmployeeDetailsNotFound.test.tsx"},{"assertionResults":[{"ancestorTitles":["EmployeeDetailsTopBar"],"fullName":"EmployeeDetailsTopBar renders employee management heading","status":"passed","title":"renders employee management heading","duration":98.32179100000008,"failureMessages":[],"meta":{}},{"ancestorTitles":["EmployeeDetailsTopBar"],"fullName":"EmployeeDetailsTopBar renders navigation tabs","status":"passed","title":"renders navigation tabs","duration":9.114541000000145,"failureMessages":[],"meta":{}},{"ancestorTitles":["EmployeeDetailsTopBar"],"fullName":"EmployeeDetailsTopBar renders directory link pointing to /employees","status":"passed","title":"renders directory link pointing to /employees","duration":5.882290999999896,"failureMessages":[],"meta":{}}],"startTime":1776291685004,"endTime":1776291685117.8823,"status":"passed","message":"","name":"/Users/jcmordan/code/leave-request/frontend/src/app/[locale]/(root)/employees/[employee_id]/components/EmployeeDetailsTopBar.test.tsx"},{"assertionResults":[{"ancestorTitles":["EmployeeDetailsView"],"fullName":"EmployeeDetailsView renders error state when query returns error","status":"passed","title":"renders error state when query returns error","duration":60.82925,"failureMessages":[],"meta":{}},{"ancestorTitles":["EmployeeDetailsView"],"fullName":"EmployeeDetailsView renders error state when employee is null","status":"passed","title":"renders error state when employee is null","duration":7.358165999999983,"failureMessages":[],"meta":{}},{"ancestorTitles":["EmployeeDetailsView"],"fullName":"EmployeeDetailsView renders all child components when data is available","status":"passed","title":"renders all child components when data is available","duration":7.162457999999788,"failureMessages":[],"meta":{}},{"ancestorTitles":["EmployeeDetailsView"],"fullName":"EmployeeDetailsView passes employeeId as variable to useSuspenseQuery","status":"passed","title":"passes employeeId as variable to useSuspenseQuery","duration":7.668999999999869,"failureMessages":[],"meta":{}}],"startTime":1776291688929,"endTime":1776291689011.669,"status":"passed","message":"","name":"/Users/jcmordan/code/leave-request/frontend/src/app/[locale]/(root)/employees/[employee_id]/components/EmployeeDetailsView.test.tsx"},{"assertionResults":[{"ancestorTitles":["EmployeeLeaveBalanceCard"],"fullName":"EmployeeLeaveBalanceCard renders leave balance data","status":"passed","title":"renders leave balance data","duration":73.98629200000005,"failureMessages":[],"meta":{}},{"ancestorTitles":["EmployeeLeaveBalanceCard"],"fullName":"EmployeeLeaveBalanceCard calculates percentage correctly for SVG","status":"passed","title":"calculates percentage correctly for SVG","duration":11.384707999999819,"failureMessages":[],"meta":{}}],"startTime":1776291684887,"endTime":1776291684972.3848,"status":"passed","message":"","name":"/Users/jcmordan/code/leave-request/frontend/src/app/[locale]/(root)/employees/[employee_id]/components/EmployeeLeaveBalanceCard.test.tsx"},{"assertionResults":[{"ancestorTitles":["EmployeePersonalInformationCard"],"fullName":"EmployeePersonalInformationCard renders personal information fields","status":"passed","title":"renders personal information fields","duration":81.50766700000008,"failureMessages":[],"meta":{}},{"ancestorTitles":["EmployeePersonalInformationCard"],"fullName":"EmployeePersonalInformationCard renders dash when email is null","status":"passed","title":"renders dash when email is null","duration":17.20383300000003,"failureMessages":[],"meta":{}}],"startTime":1776291684560,"endTime":1776291684658.2039,"status":"passed","message":"","name":"/Users/jcmordan/code/leave-request/frontend/src/app/[locale]/(root)/employees/[employee_id]/components/EmployeePersonalInformationCard.test.tsx"},{"assertionResults":[{"ancestorTitles":["EmployeeProfileHero"],"fullName":"EmployeeProfileHero renders employee information correctly","status":"passed","title":"renders employee information correctly","duration":122.91666600000008,"failureMessages":[],"meta":{}},{"ancestorTitles":["EmployeeProfileHero"],"fullName":"EmployeeProfileHero renders inactive status when employee is not active","status":"passed","title":"renders inactive status when employee is not active","duration":6.781041000000187,"failureMessages":[],"meta":{}},{"ancestorTitles":["EmployeeProfileHero"],"fullName":"EmployeeProfileHero renders dash for missing job title","status":"passed","title":"renders dash for missing job title","duration":18.105333000000428,"failureMessages":[],"meta":{}},{"ancestorTitles":["EmployeeProfileHero"],"fullName":"EmployeeProfileHero calls openSheet when edit button is clicked","status":"passed","title":"calls openSheet when edit button is clicked","duration":23.701999999999316,"failureMessages":[],"meta":{}}],"startTime":1776291687057,"endTime":1776291687228.702,"status":"passed","message":"","name":"/Users/jcmordan/code/leave-request/frontend/src/app/[locale]/(root)/employees/[employee_id]/components/EmployeeProfileHero.test.tsx"},{"assertionResults":[{"ancestorTitles":["EmployeeReportingStructureCard"],"fullName":"EmployeeReportingStructureCard renders manager information","status":"passed","title":"renders manager information","duration":78.99412500000017,"failureMessages":[],"meta":{}},{"ancestorTitles":["EmployeeReportingStructureCard"],"fullName":"EmployeeReportingStructureCard renders dash when manager is null","status":"passed","title":"renders dash when manager is null","duration":10.434625000000324,"failureMessages":[],"meta":{}},{"ancestorTitles":["EmployeeReportingStructureCard"],"fullName":"EmployeeReportingStructureCard renders subordinates with overflow indicator","status":"passed","title":"renders subordinates with overflow indicator","duration":11.792042000000038,"failureMessages":[],"meta":{}},{"ancestorTitles":["EmployeeReportingStructureCard"],"fullName":"EmployeeReportingStructureCard does not render overflow when 3 or fewer subordinates","status":"passed","title":"does not render overflow when 3 or fewer subordinates","duration":11.607457999999951,"failureMessages":[],"meta":{}}],"startTime":1776291680804,"endTime":1776291680916.6074,"status":"passed","message":"","name":"/Users/jcmordan/code/leave-request/frontend/src/app/[locale]/(root)/employees/[employee_id]/components/EmployeeReportingStructureCard.test.tsx"},{"assertionResults":[{"ancestorTitles":["EmployeeUpcomingEventsCard"],"fullName":"EmployeeUpcomingEventsCard renders upcoming events heading","status":"passed","title":"renders upcoming events heading","duration":81.41366700000026,"failureMessages":[],"meta":{}},{"ancestorTitles":["EmployeeUpcomingEventsCard"],"fullName":"EmployeeUpcomingEventsCard renders hardcoded events","status":"passed","title":"renders hardcoded events","duration":11.422750000000178,"failureMessages":[],"meta":{}},{"ancestorTitles":["EmployeeUpcomingEventsCard"],"fullName":"EmployeeUpcomingEventsCard renders event types as badges","status":"passed","title":"renders event types as badges","duration":12.228374999999687,"failureMessages":[],"meta":{}},{"ancestorTitles":["EmployeeUpcomingEventsCard"],"fullName":"EmployeeUpcomingEventsCard renders event dates","status":"passed","title":"renders event dates","duration":7.194208000000344,"failureMessages":[],"meta":{}},{"ancestorTitles":["EmployeeUpcomingEventsCard"],"fullName":"EmployeeUpcomingEventsCard renders star performer section","status":"passed","title":"renders star performer section","duration":11.625332999999955,"failureMessages":[],"meta":{}}],"startTime":1776291683127,"endTime":1776291683251.6252,"status":"passed","message":"","name":"/Users/jcmordan/code/leave-request/frontend/src/app/[locale]/(root)/employees/[employee_id]/components/EmployeeUpcomingEventsCard.test.tsx"},{"assertionResults":[{"ancestorTitles":["useEmployeeSearch"],"fullName":"useEmployeeSearch returns items correctly after search","status":"passed","title":"returns items correctly after search","duration":113.38120899999967,"failureMessages":[],"meta":{}},{"ancestorTitles":["useEmployeeSearch"],"fullName":"useEmployeeSearch handles empty results","status":"passed","title":"handles empty results","duration":32.110625000000255,"failureMessages":[],"meta":{}}],"startTime":1776291680748,"endTime":1776291680893.1106,"status":"passed","message":"","name":"/Users/jcmordan/code/leave-request/frontend/src/app/[locale]/(root)/employees/sheets/hooks/useEmployeeSearch.test.tsx"},{"assertionResults":[{"ancestorTitles":["RolePlacementSection"],"fullName":"RolePlacementSection renders all comboboxes with correct labels","status":"passed","title":"renders all comboboxes with correct labels","duration":56.47033299999998,"failureMessages":[],"meta":{}},{"ancestorTitles":["RolePlacementSection"],"fullName":"RolePlacementSection disables department section if no department is selected","status":"passed","title":"disables department section if no department is selected","duration":6.217292000000043,"failureMessages":[],"meta":{}}],"startTime":1776291686768,"endTime":1776291686831.2173,"status":"passed","message":"","name":"/Users/jcmordan/code/leave-request/frontend/src/app/[locale]/(root)/employees/sheets/sections/RolePlacementSection.test.tsx"},{"assertionResults":[{"ancestorTitles":["TimelineHierarchySection"],"fullName":"TimelineHierarchySection renders hire date, manager, and status fields with correct labels","status":"passed","title":"renders hire date, manager, and status fields with correct labels","duration":54.95174999999995,"failureMessages":[],"meta":{}}],"startTime":1776291689447,"endTime":1776291689501.9517,"status":"passed","message":"","name":"/Users/jcmordan/code/leave-request/frontend/src/app/[locale]/(root)/employees/sheets/sections/TimelineHierarchySection.test.tsx"},{"assertionResults":[{"ancestorTitles":["RequestColumns"],"fullName":"RequestColumns returns the correct number of columns","status":"passed","title":"returns the correct number of columns","duration":5.3049590000000535,"failureMessages":[],"meta":{}},{"ancestorTitles":["RequestColumns"],"fullName":"RequestColumns renders status badges correctly","status":"failed","title":"renders status badges correctly","duration":98.68729200000053,"failureMessages":["TestingLibraryElementError: Unable to find an element with the text: status_approved. This could be because the text is broken up by multiple elements. In this case, you can provide a function for your text matcher to make your matcher more flexible.\n\nIgnored nodes: comments, script, style\n\u001b[36m<body>\u001b[39m\n  \u001b[36m<div>\u001b[39m\n    \u001b[36m<div>\u001b[39m\n      \u001b[36m<div\u001b[39m\n        \u001b[33mdata-testid\u001b[39m=\u001b[32m\"status-cell\"\u001b[39m\n      \u001b[36m>\u001b[39m\n        \u001b[36m<span\u001b[39m\n          \u001b[33mclass\u001b[39m=\u001b[32m\"rounded-full border flex items-center gap-1.5 label-sm whitespace-nowrap bg-secondary-container/30 text-secondary border-secondary/20 text-[10px] font-black uppercase tracking-tighter px-3 py-1\"\u001b[39m\n        \u001b[36m>\u001b[39m\n          \u001b[0mstatus_APPROVED\u001b[0m\n        \u001b[36m</span>\u001b[39m\n      \u001b[36m</div>\u001b[39m\n      \u001b[36m<div\u001b[39m\n        \u001b[33mdata-testid\u001b[39m=\u001b[32m\"type-cell\"\u001b[39m\n      \u001b[36m>\u001b[39m\n        \u001b[36m<span\u001b[39m\n          \u001b[33mclass\u001b[39m=\u001b[32m\"px-3 py-1 bg-tertiary-fixed/30 text-primary rounded-full text-[10px] font-bold uppercase tracking-wider font-heading\"\u001b[39m\n        \u001b[36m>\u001b[39m\n          \u001b[0mVacation\u001b[0m\n        \u001b[36m</span>\u001b[39m\n      \u001b[36m</div>\u001b[39m\n      \u001b[36m<div\u001b[39m\n        \u001b[33mdata-testid\u001b[39m=\u001b[32m\"period-cell\"\u001b[39m\n      \u001b[36m>\u001b[39m\n        \u001b[36m<div\u001b[39m\n          \u001b[33mclass\u001b[39m=\u001b[32m\"flex flex-col\"\u001b[39m\n        \u001b[36m>\u001b[39m\n          \u001b[36m<p\u001b[39m\n            \u001b[33mclass\u001b[39m=\u001b[32m\"text-sm text-primary font-bold font-heading\"\u001b[39m\n          \u001b[36m>\u001b[39m\n            \u001b[0mMay 1\u001b[0m\n            \u001b[0m -\u001b[0m\n            \u001b[0m \u001b[0m\n            \u001b[0mMay 5\u001b[0m\n          \u001b[36m</p>\u001b[39m\n        \u001b[36m</div>\u001b[39m\n      \u001b[36m</div>\u001b[39m\n    \u001b[36m</div>\u001b[39m\n  \u001b[36m</div>\u001b[39m\n\u001b[36m</body>\u001b[39m\n    at Object.getElementError (/Users/jcmordan/code/leave-request/node_modules/.pnpm/@testing-library+dom@10.4.1/node_modules/@testing-library/dom/dist/
[...]
quests/approvals/[id]/components/ApprovalActionCard.test.tsx"},{"assertionResults":[{"ancestorTitles":["ApprovalHeader"],"fullName":"ApprovalHeader renders correctly with employee info and status","status":"passed","title":"renders correctly with employee info and status","duration":33.10229100000015,"failureMessages":[],"meta":{}}],"startTime":1776291692181,"endTime":1776291692214.1023,"status":"passed","message":"","name":"/Users/jcmordan/code/leave-request/frontend/src/app/[locale]/(root)/leave-requests/approvals/[id]/components/ApprovalHeader.test.tsx"},{"assertionResults":[{"ancestorTitles":["ApprovalTimelineCard"],"fullName":"ApprovalTimelineCard renders the submission step","status":"passed","title":"renders the submission step","duration":53.324499999999944,"failureMessages":[],"meta":{}},{"ancestorTitles":["ApprovalTimelineCard"],"fullName":"ApprovalTimelineCard renders approval history entries","status":"passed","title":"renders approval history entries","duration":8.294125000000122,"failureMessages":[],"meta":{}},{"ancestorTitles":["ApprovalTimelineCard"],"fullName":"ApprovalTimelineCard renders pending placeholder when no history","status":"passed","title":"renders pending placeholder when no history","duration":11.472750000000133,"failureMessages":[],"meta":{}}],"startTime":1776291686660,"endTime":1776291686733.4727,"status":"passed","message":"","name":"/Users/jcmordan/code/leave-request/frontend/src/app/[locale]/(root)/leave-requests/approvals/[id]/components/ApprovalTimelineCard.test.tsx"},{"assertionResults":[{"ancestorTitles":["ApprovalView"],"fullName":"ApprovalView renders all components when data is present","status":"passed","title":"renders all components when data is present","duration":43.139417000000094,"failureMessages":[],"meta":{}},{"ancestorTitles":["ApprovalView"],"fullName":"ApprovalView renders not found state when request is missing","status":"passed","title":"renders not found state when request is missing","duration":23.91475000000014,"failureMessages":[],"meta":{}},{"ancestorTitles":["ApprovalView"],"fullName":"ApprovalView does not render action card when status is not pending","status":"passed","title":"does not render action card when status is not pending","duration":3.386624999999867,"failureMessages":[],"meta":{}},{"ancestorTitles":["ApprovalView"],"fullName":"ApprovalView does not render analysis cards when analysis is missing","status":"passed","title":"does not render analysis cards when analysis is missing","duration":2.81966599999987,"failureMessages":[],"meta":{}}],"startTime":1776291684837,"endTime":1776291684910.8196,"status":"passed","message":"","name":"/Users/jcmordan/code/leave-request/frontend/src/app/[locale]/(root)/leave-requests/approvals/[id]/components/ApprovalView.test.tsx"},{"assertionResults":[{"ancestorTitles":["MedicalDocumentationCard"],"fullName":"MedicalDocumentationCard renders medical data correctly","status":"passed","title":"renders medical data correctly","duration":72.218208,"failureMessages":[],"meta":{}},{"ancestorTitles":["MedicalDocumentationCard"],"fullName":"MedicalDocumentationCard renders null when no medical data provided","status":"passed","title":"renders null when no medical data provided","duration":2.1246249999999236,"failureMessages":[],"meta":{}}],"startTime":1776291686959,"endTime":1776291687033.1245,"status":"passed","message":"","name":"/Users/jcmordan/code/leave-request/frontend/src/app/[locale]/(root)/leave-requests/approvals/[id]/components/MedicalDocumentationCard.test.tsx"},{"assertionResults":[{"ancestorTitles":["OverlapAlertCard"],"fullName":"OverlapAlertCard renders overlap alerts correctly","status":"passed","title":"renders overlap alerts correctly","duration":127.27483299999994,"failureMessages":[],"meta":{}},{"ancestorTitles":["OverlapAlertCard"],"fullName":"OverlapAlertCard renders null when no data is provided","status":"passed","title":"renders null when no data is provided","duration":1.902625000000171,"failureMessages":[],"meta":{}}],"startTime":1776291683079,"endTime":1776291683207.9026,"status":"passed","message":"","name":"/Users/jcmordan/code/leave-request/frontend/src/app/[locale]/(root)/leave-requests/approvals/[id]/components/OverlapAlertCard.test.tsx"},{"assertionResults":[{"ancestorTitles":["RequestSummaryCard"],"fullName":"RequestSummaryCard renders correct request details","status":"passed","title":"renders correct request details","duration":115.88804200000004,"failureMessages":[],"meta":{}}],"startTime":1776291685214,"endTime":1776291685329.888,"status":"passed","message":"","name":"/Users/jcmordan/code/leave-request/frontend/src/app/[locale]/(root)/leave-requests/approvals/[id]/components/RequestSummaryCard.test.tsx"},{"assertionResults":[{"ancestorTitles":["RequesterCommentsCard"],"fullName":"RequesterCommentsCard should render null if no request or reason","status":"passed","title":"should render null if no request or reason","duration":34.86774999999989,"failureMessages":[],"meta":{}},{"ancestorTitles":["RequesterCommentsCard"],"fullName":"RequesterCommentsCard should render null if reason is empty","status":"passed","title":"should render null if reason is empty","duration":2.022625000000062,"failureMessages":[],"meta":{}},{"ancestorTitles":["RequesterCommentsCard"],"fullName":"RequesterCommentsCard should render the requester comment when provide","status":"passed","title":"should render the requester comment when provide","duration":25.56441700000005,"failureMessages":[],"meta":{}}],"startTime":1776291689023,"endTime":1776291689085.5645,"status":"passed","message":"","name":"/Users/jcmordan/code/leave-request/frontend/src/app/[locale]/(root)/leave-requests/approvals/[id]/components/RequesterCommentsCard.test.tsx"},{"assertionResults":[{"ancestorTitles":["TeamCapacityCard"],"fullName":"TeamCapacityCard renders capacity percentage","status":"passed","title":"renders capacity percentage","duration":74.29612500000007,"failureMessages":[],"meta":{}},{"ancestorTitles":["TeamCapacityCard"],"fullName":"TeamCapacityCard renders the SVG circular progress","status":"passed","title":"renders the SVG circular progress","duration":12.489874999999984,"failureMessages":[],"meta":{}},{"ancestorTitles":["TeamCapacityCard"],"fullName":"TeamCapacityCard handles zero team members gracefully","status":"passed","title":"handles zero team members gracefully","duration":8.18320800000015,"failureMessages":[],"meta":{}},{"ancestorTitles":["TeamCapacityCard"],"fullName":"TeamCapacityCard renders null when no data is provided","status":"passed","title":"renders null when no data is provided","duration":5.578125,"failureMessages":[],"meta":{}}],"startTime":1776291685585,"endTime":1776291685686.5781,"status":"passed","message":"","name":"/Users/jcmordan/code/leave-request/frontend/src/app/[locale]/(root)/leave-requests/approvals/[id]/components/TeamCapacityCard.test.tsx"},{"assertionResults":[{"ancestorTitles":["AdditionalInfoSection"],"fullName":"AdditionalInfoSection should render with provided request reason","status":"passed","title":"should render with provided request reason","duration":61.864750000000186,"failureMessages":[],"meta":{}},{"ancestorTitles":["AdditionalInfoSection"],"fullName":"AdditionalInfoSection should render even with an empty reason","status":"passed","title":"should render even with an empty reason","duration":5.493916000000354,"failureMessages":[],"meta":{}}],"startTime":1776291688873,"endTime":1776291688940.494,"status":"passed","message":"","name":"/Users/jcmordan/code/leave-request/frontend/src/app/[locale]/(root)/leave-requests/me/[id]/components/AdditionalInfoSection.test.tsx"},{"assertionResults":[{"ancestorTitles":["ApprovalTimelineSection"],"fullName":"ApprovalTimelineSection should always display the submission step","status":"passed","title":"should always display the submission step","duration":118.80491700000016,"failureMessages":[],"meta":{}},{"ancestorTitles":["ApprovalTimelineSection"],"fullName":"ApprovalTimelineSection should display submission date from createdAt","status":"passed","title":"should display submission date from createdAt","duration":7.166459000000032,"failureMessages":[],"meta":{}},{"ancestorTitles":["ApprovalTimelineSection"],"fullName":"ApprovalTimelineSection should display the requester employee name","status":"passed","title":"should display the requester employee name","duration":6.906208000000106,"failureMessages":[],"meta":{}},{"ancestorTitles":["ApprovalTimelineSection"],"fullName":"ApprovalTimelineSection should render approval history entries","status":"passed","title":"should render approval history entries","duration":7.215249999999969,"failureMessages":[],"meta":{}},{"ancestorTitles":["ApprovalTimelineSection"],"fullName":"ApprovalTimelineSection should display Pending status when no histories are present","status":"passed","title":"should display Pending status when no histories are present","duration":7.000291000000061,"failureMessages":[],"meta":{}}],"startTime":1776291685408,"endTime":1776291685555.0002,"status":"passed","message":"","name":"/Users/jcmordan/code/leave-request/frontend/src/app/[locale]/(root)/leave-requests/me/[id]/components/ApprovalTimelineSection.test.tsx"},{"assertionResults":[{"ancestorTitles":["ApproverCard"],"fullName":"ApproverCard should render with approver details","status":"passed","title":"should render with approver details","duration":89.34249999999997,"failureMessages":[],"meta":{}},{"ancestorTitles":["ApproverCard"],"fullName":"ApproverCard should use 'Lead' as fallback job title","status":"passed","title":"should use 'Lead' as fallback job title","duration":5.381208000000015,"failureMessages":[],"meta":{}},{"ancestorTitles":["ApproverCard"],"fullName":"ApproverCard should return null when no approver is assigned","status":"passed","title":"should return null when no approver is assigned","duration":1.497665999999981,"failureMessages":[],"meta":{}}],"startTime":1776291687640,"endTime":1776291687736.4976,"status":"passed","message":"","name":"/Users/jcmordan/code/leave-request/frontend/src/app/[locale]/(root)/leave-requests/me/[id]/components/ApproverCard.test.tsx"},{"assertionResults":[{"ancestorTitles":["MedicalDetailsSection"],"fullName":"MedicalDetailsSection should return null when no medical data is provided","status":"passed","title":"should return null when no medical data is provided","duration":27.366250000000036,"failureMessages":[],"meta":{}},{"ancestorTitles":["MedicalDetailsSection"],"fullName":"MedicalDetailsSection should display diagnosis when provided","status":"passed","title":"should display diagnosis when provided","duration":64.5216660000001,"failureMessages":[],"meta":{}},{"ancestorTitles":["MedicalDetailsSection"],"fullName":"MedicalDetailsSection should display treating doctor when provided","status":"passed","title":"should display treating doctor when provided","duration":6.775957999999719,"failureMessages":[],"meta":{}},{"ancestorTitles":["MedicalDetailsSection"],"fullName":"MedicalDetailsSection should display attachments when provided","status":"passed","title":"should display attachments when provided","duration":7.820416000000023,"failureMessages":[],"meta":{}}],"startTime":1776291688857,"endTime":1776291688963.8203,"status":"passed","message":"","name":"/Users/jcmordan/code/leave-request/frontend/src/app/[locale]/(root)/leave-requests/me/[id]/components/MedicalDetailsSection.test.tsx"},{"assertionResults":[{"ancestorTitles":["RequestDetailView"],"fullName":"RequestDetailView should render 404 state when request is not found","status":"passed","title":"should render 404 state when request is not found","duration":68.96424999999999,"failureMessages":[],"meta":{}},{"ancestorTitles":["RequestDetailView"],"fullName":"RequestDetailView should render all sections when request is found","status":"passed","title":"should render all sections when request is found","duration":38.71745800000008,"failureMessages":[],"meta":{}},{"ancestorTitles":["RequestDetailView"],"fullName":"RequestDetailView should show cancel button for PENDING status","status":"passed","title":"should show cancel button for PENDING status","duration":8.983000000000175,"failureMessages":[],"meta":{}},{"ancestorTitles":["RequestDetailView"],"fullName":"RequestDetailView should hide cancel button for APPROVED status","status":"passed","title":"should hide cancel button for APPROVED status","duration":5.553292000000056,"failureMessages":[],"meta":{}},{"ancestorTitles":["RequestDetailView"],"fullName":"RequestDetailView should open cancel modal when cancel button is clicked","status":"passed","title":"should open cancel modal when cancel button is clicked","duration":23.289584000000104,"failureMessages":[],"meta":{}}],"startTime":1776291680699,"endTime":1776291680845.2896,"status":"passed","message":"","name":"/Users/jcmordan/code/leave-request/frontend/src/app/[locale]/(root)/leave-requests/me/[id]/components/RequestDetailView.test.tsx"},{"assertionResults":[{"ancestorTitles":["RequestOverviewSection"],"fullName":"RequestOverviewSection should display the absence type name","status":"passed","title":"should display the absence type name","duration":156.3163750000001,"failureMessages":[],"meta":{}},{"ancestorTitles":["RequestOverviewSection"],"fullName":"RequestOverviewSection should display total days requested","status":"passed","title":"should display total days requested","duration":14.315207999999984,"failureMessages":[],"meta":{}},{"ancestorTitles":["RequestOverviewSection"],"fullName":"RequestOverviewSection should display formatted start and end dates","status":"passed","title":"should display formatted start and end dates","duration":13.704041999999845,"failureMessages":[],"meta":{}}],"startTime":1776291682774,"endTime":1776291682957.704,"status":"passed","message":"","name":"/Users/jcmordan/code/leave-request/frontend/src/app/[locale]/(root)/leave-requests/me/[id]/components/RequestOverviewSection.test.tsx"},{"assertionResults":[{"ancestorTitles":["useAbsenceRequestLogic"],"fullName":"useAbsenceRequestLogic should identify sick leave correctly from parent","status":"passed","title":"should identify sick leave correctly from parent","duration":37.38295799999992,"failureMessages":[],"meta":{}},{"ancestorTitles":["useAbsenceRequestLogic"],"fullName":"useAbsenceRequestLogic should identify sick leave correctly from sub-type","status":"passed","title":"should identify sick leave correctly from sub-type","duration":2.0885829999999714,"failureMessages":[],"meta":{}},{"ancestorTitles":["useAbsenceRequestLogic"],"fullName":"useAbsenceRequestLogic should calculate end date using holidays for WorkingDays","status":"passed","title":"should calculate end date using holidays for WorkingDays","duration":4.310791999999992,"failureMessages":[],"meta":{}},{"ancestorTitles":["useAbsenceRequestLogic"],"fullName":"useAbsenceRequestLogic should calculate end date WITHOUT holidays for CalendarDays","status":"passed","title":"should calculate end date WITHOUT holidays for CalendarDays","duration":1.9940409999999247,"failureMessages":[],"meta":{}},{"ancestorTitles":["useAbsenceRequestLogic"],"fullName":"useAbsenceRequestLogic should return null for endDate if startDate or requestedDays is missing","status":"passed","title":"should return null for endDate if startDate or requestedDays is missing","duration":1.6453750000000582,"failureMessages":[],"meta":{}},{"ancestorTitles":["useAbsenceRequestLogic"],"fullName":"useAbsenceRequestLogic should return correct sub-types for selected parent type","status":"passed","title":"should return correct sub-types for selected parent type","duration":12.222958000000062,"failureMessages":[],"meta":{}},{"ancestorTitles":["useAbsenceRequestLogic"],"fullName":"useAbsenceRequestLogic should use maxDaysPerYear as fallback for totalUnits","status":"passed","title":"should use maxDaysPerYear as fallback for totalUnits","duration":5.887625000000071,"failureMessages":[],"meta":{}},{"ancestorTitles":["useAbsenceRequestLogic"],"fullName":"useAbsenceRequestLogic should handle null absenceTypesRef gracefully","status":"passed","title":"should handle null absenceTypesRef gracefully","duration":5.883125000000064,"failureMessages":[],"meta":{}}],"startTime":1776291687410,"endTime":1776291687482.883,"status":"passed","message":"","name":"/Users/jcmordan/code/leave-request/frontend/src/app/[locale]/(root)/leave-requests/me/sheets/hooks/useAbsenceRequestLogic.test.ts"},{"assertionResults":[{"ancestorTitles":["AbsenceCategorySection"],"fullName":"AbsenceCategorySection renders both comboboxes","status":"passed","title":"renders both comboboxes","duration":71.0229589999999,"failureMessages":[],"meta":{}},{"ancestorTitles":["AbsenceCategorySection"],"fullName":"AbsenceCategorySection disables sub-type when no absence type is selected","status":"passed","title":"disables sub-type when no absence type is selected","duration":11.292124999999942,"failureMessages":[],"meta":{}},{"ancestorTitles":["AbsenceCategorySection"],"fullName":"AbsenceCategorySection disables sub-type when subTypes array is empty","status":"passed","title":"disables sub-type when subTypes array is empty","duration":7.104708000000073,"failureMessages":[],"meta":{}},{"ancestorTitles":["AbsenceCategorySection"],"fullName":"AbsenceCategorySection enables sub-type when absence type is selected and subTypes are available","status":"passed","title":"enables sub-type when absence type is selected and subTypes are available","duration":5.44079099999999,"failureMessages":[],"meta":{}}],"startTime":1776291683129,"endTime":1776291683223.4407,"status":"passed","message":"","name":"/Users/jcmordan/code/leave-request/frontend/src/app/[locale]/(root)/leave-requests/me/sheets/sections/AbsenceCategorySection.test.tsx"},{"assertionResults":[{"ancestorTitles":["AdditionalNotesSection"],"fullName":"AdditionalNotesSection renders correctly","status":"passed","title":"renders correctly","duration":143.036875,"failureMessages":[],"meta":{}}],"startTime":1776291688702,"endTime":1776291688845.0369,"status":"passed","message":"","name":"/Users/jcmordan/code/leave-request/frontend/src/app/[locale]/(root)/leave-requests/me/sheets/sections/AdditionalNotesSection.test.tsx"},{"assertionResults":[{"ancestorTitles":["MedicalContextSection"],"fullName":"MedicalContextSection renders correctly with medical details","status":"passed","title":"renders correctly with medical details","duration":121.64500000000021,"failureMessages":[],"meta":{}}],"startTime":1776291685348,"endTime":1776291685469.645,"status":"passed","message":"","name":"/Users/jcmordan/code/leave-request/frontend/src/app/[locale]/(root)/leave-requests/me/sheets/sections/MedicalContextSection.test.tsx"},{"assertionResults":[{"ancestorTitles":["ScheduleSection"],"fullName":"ScheduleSection renders correctly with date and number inputs","status":"passed","title":"renders correctly with date and number inputs","duration":133.09699999999975,"failureMessages":[],"meta":{}},{"ancestorTitles":["ScheduleSection"],"fullName":"ScheduleSection displays the calculated end date and total units","status":"passed","title":"displays the calculated end date and total units","duration":17.998666000000412,"failureMessages":[],"meta":{}},{"ancestorTitles":["ScheduleSection"],"fullName":"ScheduleSection renders '---' when endDate is null","status":"passed","title":"renders '---' when endDate is null","duration":6.226875000000291,"failureMessages":[],"meta":{}},{"ancestorTitles":["ScheduleSection"],"fullName":"ScheduleSection disables requestedDays if selectedType has maxDaysPerYear","status":"passed","title":"disables requestedDays if selectedType has maxDaysPerYear","duration":9.58508299999994,"failureMessages":[],"meta":{}}],"startTime":1776291687395,"endTime":1776291687561.585,"status":"passed","message":"","name":"/Users/jcmordan/code/leave-request/frontend/src/app/[locale]/(root)/leave-requests/me/sheets/sections/ScheduleSection.test.tsx"}]}